
*** Running vivado
    with args -log system_wrapper.vdi -applog -m64 -messageDb vivado.pb -mode batch -source system_wrapper.tcl -notrace


****** Vivado v2014.2 (64-bit)
  **** SW Build 932637 on Wed Jun 11 13:33:10 MDT 2014
  **** IP Build 924643 on Fri May 30 09:20:16 MDT 2014
    ** Copyright 1986-2014 Xilinx, Inc. All Rights Reserved.

source system_wrapper.tcl -notrace
Design is defaulting to srcset: sources_1
Design is defaulting to constrset: constrs_1
INFO: [Netlist 29-17] Analyzing 22 Unisim elements for replacement
INFO: [Netlist 29-28] Unisim Transformation completed in 0 CPU seconds
INFO: [Project 1-479] Netlist was created with Vivado 2014.2
Loading clock regions from D:/tools/Vivado/2014.2/data\parts/xilinx/zynq/zynq/xc7z010/ClockRegion.xml
Loading clock buffers from D:/tools/Vivado/2014.2/data\parts/xilinx/zynq/zynq/xc7z010/ClockBuffers.xml
Loading clock placement rules from D:/tools/Vivado/2014.2/data/parts/xilinx/zynq/ClockPlacerRules.xml
Loading package pin functions from D:/tools/Vivado/2014.2/data\parts/xilinx/zynq/PinFunctions.xml...
Loading package from D:/tools/Vivado/2014.2/data\parts/xilinx/zynq/zynq/xc7z010/clg400/Package.xml
Loading io standards from D:/tools/Vivado/2014.2/data\./parts/xilinx/zynq/IOStandards.xml
INFO: [Opt 31-140] Inserted 0 IBUFs to IO ports without IO buffers.
INFO: [Opt 31-141] Inserted 0 OBUFs to IO ports without IO buffers.
Parsing XDC File [d:/study/embled/lab3/lab3.srcs/sources_1/bd/system/ip/system_processing_system7_0_0/system_processing_system7_0_0.xdc] for cell 'system_i/processing_system7_0/inst'
Finished Parsing XDC File [d:/study/embled/lab3/lab3.srcs/sources_1/bd/system/ip/system_processing_system7_0_0/system_processing_system7_0_0.xdc] for cell 'system_i/processing_system7_0/inst'
Parsing XDC File [d:/study/embled/lab3/lab3.srcs/sources_1/bd/system/ip/system_axi_gpio_0_0/system_axi_gpio_0_0.xdc] for cell 'system_i/sw_4bit/U0'
Finished Parsing XDC File [d:/study/embled/lab3/lab3.srcs/sources_1/bd/system/ip/system_axi_gpio_0_0/system_axi_gpio_0_0.xdc] for cell 'system_i/sw_4bit/U0'
Parsing XDC File [d:/study/embled/lab3/lab3.srcs/sources_1/bd/system/ip/system_axi_gpio_0_0/system_axi_gpio_0_0_board.xdc] for cell 'system_i/sw_4bit/U0'
Finished Parsing XDC File [d:/study/embled/lab3/lab3.srcs/sources_1/bd/system/ip/system_axi_gpio_0_0/system_axi_gpio_0_0_board.xdc] for cell 'system_i/sw_4bit/U0'
Parsing XDC File [d:/study/embled/lab3/lab3.srcs/sources_1/bd/system/ip/system_rst_processing_system7_0_100M_0/system_rst_processing_system7_0_100M_0.xdc] for cell 'system_i/rst_processing_system7_0_100M'
Finished Parsing XDC File [d:/study/embled/lab3/lab3.srcs/sources_1/bd/system/ip/system_rst_processing_system7_0_100M_0/system_rst_processing_system7_0_100M_0.xdc] for cell 'system_i/rst_processing_system7_0_100M'
Parsing XDC File [d:/study/embled/lab3/lab3.srcs/sources_1/bd/system/ip/system_rst_processing_system7_0_100M_0/system_rst_processing_system7_0_100M_0_board.xdc] for cell 'system_i/rst_processing_system7_0_100M'
Finished Parsing XDC File [d:/study/embled/lab3/lab3.srcs/sources_1/bd/system/ip/system_rst_processing_system7_0_100M_0/system_rst_processing_system7_0_100M_0_board.xdc] for cell 'system_i/rst_processing_system7_0_100M'
Parsing XDC File [d:/study/embled/lab3/lab3.srcs/sources_1/bd/system/ip/system_axi_gpio_0_1/system_axi_gpio_0_1.xdc] for cell 'system_i/btns_4bit/U0'
Finished Parsing XDC File [d:/study/embled/lab3/lab3.srcs/sources_1/bd/system/ip/system_axi_gpio_0_1/system_axi_gpio_0_1.xdc] for cell 'system_i/btns_4bit/U0'
Parsing XDC File [d:/study/embled/lab3/lab3.srcs/sources_1/bd/system/ip/system_axi_gpio_0_1/system_axi_gpio_0_1_board.xdc] for cell 'system_i/btns_4bit/U0'
Finished Parsing XDC File [d:/study/embled/lab3/lab3.srcs/sources_1/bd/system/ip/system_axi_gpio_0_1/system_axi_gpio_0_1_board.xdc] for cell 'system_i/btns_4bit/U0'
Parsing XDC File [D:/study/embled/lab3/lab3.srcs/constrs_1/imports/lab2/lab2.xdc]
Finished Parsing XDC File [D:/study/embled/lab3/lab3.srcs/constrs_1/imports/lab2/lab2.xdc]
INFO: [Opt 31-138] Pushed 0 inverter(s) to 0 load pin(s).
INFO: [Project 1-111] Unisim Transformation Summary:
No Unisim elements were transformed.

link_design: Time (s): cpu = 00:00:09 ; elapsed = 00:00:10 . Memory (MB): peak = 453.027 ; gain = 268.316
Command: opt_design
Attempting to get a license for feature 'Implementation' and/or device 'xc7z010'
INFO: [Common 17-349] Got license for feature 'Implementation' and/or device 'xc7z010'
Running DRC as a precondition to command opt_design

Starting DRC Task
INFO: [Drc 23-27] Running DRC with 2 threads
INFO: [Project 1-461] DRC finished with 0 Errors
INFO: [Project 1-462] Please refer to the DRC report (report_drc) for more information.

Time (s): cpu = 00:00:00 ; elapsed = 00:00:00.141 . Memory (MB): peak = 455.230 ; gain = 2.203
INFO: [Timing 38-35] Done setting XDC timing constraints.

Starting Logic Optimization Task

Phase 1 Retarget

INFO: [Opt 31-138] Pushed 0 inverter(s) to 0 load pin(s).
INFO: [Opt 31-49] Retargeted 0 cell(s).
Phase 1 Retarget | Checksum: 1af095989

Time (s): cpu = 00:00:00 ; elapsed = 00:00:00.140 . Memory (MB): peak = 869.711 ; gain = 0.000

Phase 2 Constant Propagation
INFO: [Opt 31-138] Pushed 0 inverter(s) to 0 load pin(s).
INFO: [Opt 31-10] Eliminated 168 cells.
Phase 2 Constant Propagation | Checksum: 1b5d934e6

Time (s): cpu = 00:00:00 ; elapsed = 00:00:00.655 . Memory (MB): peak = 869.711 ; gain = 0.000

Phase 3 Sweep
INFO: [Opt 31-12] Eliminated 192 unconnected nets.
INFO: [Opt 31-140] Inserted 0 IBUFs to IO ports without IO buffers.
INFO: [Opt 31-141] Inserted 0 OBUFs to IO ports without IO buffers.
INFO: [Opt 31-11] Eliminated 201 unconnected cells.
Phase 3 Sweep | Checksum: 1fe4e09d5

Time (s): cpu = 00:00:01 ; elapsed = 00:00:01 . Memory (MB): peak = 869.711 ; gain = 0.000
Ending Logic Optimization Task | Checksum: 1fe4e09d5

Time (s): cpu = 00:00:00 ; elapsed = 00:00:01 . Memory (MB): peak = 869.711 ; gain = 0.000
Implement Debug Cores | Checksum: 1bdfc9781
Logic Optimization | Checksum: 1bdfc9781

Starting Power Optimization Task
INFO: [Pwropt 34-132] Will skip clock gating for clocks with period < 3.13 ns.
Ending Power Optimization Task | Checksum: 1fe4e09d5

Time (s): cpu = 00:00:00 ; elapsed = 00:00:00.015 . Memory (MB): peak = 869.711 ; gain = 0.000
INFO: [Common 17-83] Releasing license: Implementation
22 Infos, 0 Warnings, 0 Critical Warnings and 0 Errors encountered.
opt_design completed successfully
opt_design: Time (s): cpu = 00:00:19 ; elapsed = 00:00:19 . Memory (MB): peak = 869.711 ; gain = 416.684
Writing XDEF routing.
Writing XDEF routing logical nets.
Writing XDEF routing special nets.
Write XDEF Complete: Time (s): cpu = 00:00:00 ; elapsed = 00:00:00.250 . Memory (MB): peak = 869.711 ; gain = 0.000
Command: place_design
Attempting to get a license for feature 'Implementation' and/or device 'xc7z010'
INFO: [Common 17-349] Got license for feature 'Implementation' and/or device 'xc7z010'
Running DRC as a precondition to command place_design
INFO: [Drc 23-27] Running DRC with 2 threads
INFO: [Vivado_Tcl 4-198] DRC finished with 0 Errors
INFO: [Vivado_Tcl 4-199] Please refer to the DRC report (report_drc) for more information.

Starting Placer Task
INFO: [Place 30-611] Multithreading enabled for place_design using a maximum of 2 CPUs

Phase 1 Placer Runtime Estimator
Phase 1 Placer Runtime Estimator | Checksum: 15b0bbd67

Time (s): cpu = 00:00:00 ; elapsed = 00:00:00.031 . Memory (MB): peak = 869.711 ; gain = 0.000

Phase 2 Placer Initialization

Phase 2.1 Placer Initialization Core
Netlist sorting complete. Time (s): cpu = 00:00:00 ; elapsed = 00:00:00 . Memory (MB): peak = 869.711 ; gain = 0.000

Phase 2.1.1 Mandatory Logic Optimization
Netlist sorting complete. Time (s): cpu = 00:00:00 ; elapsed = 00:00:00 . Memory (MB): peak = 869.711 ; gain = 0.000
Phase 2.1.1 Mandatory Logic Optimization | Checksum: 93d4ed45

Time (s): cpu = 00:00:01 ; elapsed = 00:00:00.047 . Memory (MB): peak = 869.711 ; gain = 0.000

Phase 2.1.2 Build Super Logic Region (SLR) Database
Phase 2.1.2 Build Super Logic Region (SLR) Database | Checksum: 93d4ed45

Time (s): cpu = 00:00:01 ; elapsed = 00:00:00.062 . Memory (MB): peak = 869.711 ; gain = 0.000

Phase 2.1.3 Add Constraints
Phase 2.1.3 Add Constraints | Checksum: 93d4ed45

Time (s): cpu = 00:00:01 ; elapsed = 00:00:00.062 . Memory (MB): peak = 869.711 ; gain = 0.000

Phase 2.1.4 Build Shapes/ HD Config

Phase 2.1.4.1 Build Macros
Phase 2.1.4.1 Build Macros | Checksum: 12259fb7e

Time (s): cpu = 00:00:01 ; elapsed = 00:00:00.359 . Memory (MB): peak = 869.711 ; gain = 0.000
Phase 2.1.4 Build Shapes/ HD Config | Checksum: 12259fb7e

Time (s): cpu = 00:00:01 ; elapsed = 00:00:00.359 . Memory (MB): peak = 869.711 ; gain = 0.000

Phase 2.1.5 IO Placement/ Clock Placement/ Build Placer Device

Phase 2.1.5.1 Pre-Place Cells
Phase 2.1.5.1 Pre-Place Cells | Checksum: 93d4ed45

Time (s): cpu = 00:00:01 ; elapsed = 00:00:00.359 . Memory (MB): peak = 869.711 ; gain = 0.000
INFO: [Timing 38-35] Done setting XDC timing constraints.

Phase 2.1.5.2 IO & Clk Clean Up
Phase 2.1.5.2 IO & Clk Clean Up | Checksum: 93d4ed45

Time (s): cpu = 00:00:02 ; elapsed = 00:00:01 . Memory (MB): peak = 869.711 ; gain = 0.000

Phase 2.1.5.3 Implementation Feasibility check On IDelay
Phase 2.1.5.3 Implementation Feasibility check On IDelay | Checksum: 93d4ed45

Time (s): cpu = 00:00:02 ; elapsed = 00:00:01 . Memory (MB): peak = 869.711 ; gain = 0.000

Phase 2.1.5.4 Commit IO Placement
Phase 2.1.5.4 Commit IO Placement | Checksum: 5b0dc4f6

Time (s): cpu = 00:00:02 ; elapsed = 00:00:01 . Memory (MB): peak = 869.711 ; gain = 0.000
Phase 2.1.5 IO Placement/ Clock Placement/ Build Placer Device | Checksum: e992d32f

Time (s): cpu = 00:00:02 ; elapsed = 00:00:01 . Memory (MB): peak = 869.711 ; gain = 0.000

Phase 2.1.6 Build Placer Netlist Model

Phase 2.1.6.1 Place Init Design

Phase 2.1.6.1.1 Init Lut Pin Assignment
Phase 2.1.6.1.1 Init Lut Pin Assignment | Checksum: f7cd8f11

Time (s): cpu = 00:00:02 ; elapsed = 00:00:01 . Memory (MB): peak = 869.711 ; gain = 0.000

Phase 2.1.6.1.2 Build Clock Data
Phase 2.1.6.1.2 Build Clock Data | Checksum: 1bc45f9cd

Time (s): cpu = 00:00:03 ; elapsed = 00:00:02 . Memory (MB): peak = 869.711 ; gain = 0.000

Phase 2.1.6.1.3 setBudgets in placeInitDesign
Phase 2.1.6.1.3 setBudgets in placeInitDesign | Checksum: 16901201d

Time (s): cpu = 00:00:03 ; elapsed = 00:00:02 . Memory (MB): peak = 869.711 ; gain = 0.000
Phase 2.1.6.1 Place Init Design | Checksum: 1a004bcee

Time (s): cpu = 00:00:03 ; elapsed = 00:00:02 . Memory (MB): peak = 869.711 ; gain = 0.000
Phase 2.1.6 Build Placer Netlist Model | Checksum: 1a004bcee

Time (s): cpu = 00:00:03 ; elapsed = 00:00:02 . Memory (MB): peak = 869.711 ; gain = 0.000

Phase 2.1.7 Constrain Clocks/Macros

Phase 2.1.7.1 Constrain Global/Regional Clocks
Phase 2.1.7.1 Constrain Global/Regional Clocks | Checksum: 1a004bcee

Time (s): cpu = 00:00:03 ; elapsed = 00:00:02 . Memory (MB): peak = 869.711 ; gain = 0.000
Phase 2.1.7 Constrain Clocks/Macros | Checksum: 1a004bcee

Time (s): cpu = 00:00:03 ; elapsed = 00:00:02 . Memory (MB): peak = 869.711 ; gain = 0.000
Phase 2.1 Placer Initialization Core | Checksum: 1a004bcee

Time (s): cpu = 00:00:03 ; elapsed = 00:00:02 . Memory (MB): peak = 869.711 ; gain = 0.000
Phase 2 Placer Initialization | Checksum: 1a004bcee

Time (s): cpu = 00:00:03 ; elapsed = 00:00:02 . Memory (MB): peak = 869.711 ; gain = 0.000

Phase 3 Global Placement

Phase 3.1 Run Budgeter
Phase 3.1 Run Budgeter | Checksum: 1a3c74ee7

Time (s): cpu = 00:00:04 ; elapsed = 00:00:02 . Memory (MB): peak = 869.711 ; gain = 0.000
Phase 3 Global Placement | Checksum: 184880093

Time (s): cpu = 00:00:05 ; elapsed = 00:00:03 . Memory (MB): peak = 869.711 ; gain = 0.000

Phase 4 Detail Placement

Phase 4.1 Commit Multi Column Macros
Phase 4.1 Commit Multi Column Macros | Checksum: 184880093

Time (s): cpu = 00:00:05 ; elapsed = 00:00:03 . Memory (MB): peak = 869.711 ; gain = 0.000

Phase 4.2 Commit Most Macros & LUTRAMs
Phase 4.2 Commit Most Macros & LUTRAMs | Checksum: 1afe39e16

Time (s): cpu = 00:00:06 ; elapsed = 00:00:04 . Memory (MB): peak = 872.055 ; gain = 2.344

Phase 4.3 Area Swap Optimization
Phase 4.3 Area Swap Optimization | Checksum: 241c575b2

Time (s): cpu = 00:00:06 ; elapsed = 00:00:04 . Memory (MB): peak = 872.055 ; gain = 2.344

Phase 4.4 Timing Path Optimizer
Phase 4.4 Timing Path Optimizer | Checksum: 282f5da86

Time (s): cpu = 00:00:06 ; elapsed = 00:00:04 . Memory (MB): peak = 872.238 ; gain = 2.527

Phase 4.5 Commit Small Macros & Core Logic

Phase 4.5.1 setBudgets
Phase 4.5.1 setBudgets | Checksum: 1c8a4910c

Time (s): cpu = 00:00:06 ; elapsed = 00:00:04 . Memory (MB): peak = 872.238 ; gain = 2.527
Phase 4.5 Commit Small Macros & Core Logic | Checksum: 16c63869b

Time (s): cpu = 00:00:06 ; elapsed = 00:00:04 . Memory (MB): peak = 873.898 ; gain = 4.188

Phase 4.6 Re-assign LUT pins
Phase 4.6 Re-assign LUT pins | Checksum: 16c63869b

Time (s): cpu = 00:00:07 ; elapsed = 00:00:04 . Memory (MB): peak = 874.898 ; gain = 5.188
Phase 4 Detail Placement | Checksum: 16c63869b

Time (s): cpu = 00:00:07 ; elapsed = 00:00:04 . Memory (MB): peak = 874.898 ; gain = 5.188

Phase 5 Post Placement Optimization and Clean-Up

Phase 5.1 PCOPT Shape updates
Phase 5.1 PCOPT Shape updates | Checksum: 1c0ff3906

Time (s): cpu = 00:00:07 ; elapsed = 00:00:04 . Memory (MB): peak = 874.898 ; gain = 5.188

Phase 5.2 Post Placement Optimization

Phase 5.2.1 Post Placement Timing Optimization
INFO: [Place 30-746] Post Placement Timing Summary WNS=3.755. For the most accurate timing information please run report_timing.
Phase 5.2.1 Post Placement Timing Optimization | Checksum: 14234a822

Time (s): cpu = 00:00:07 ; elapsed = 00:00:05 . Memory (MB): peak = 874.898 ; gain = 5.188
Phase 5.2 Post Placement Optimization | Checksum: 14234a822

Time (s): cpu = 00:00:07 ; elapsed = 00:00:05 . Memory (MB): peak = 874.898 ; gain = 5.188

Phase 5.3 Post Placement Cleanup
Phase 5.3 Post Placement Cleanup | Checksum: 14234a822

Time (s): cpu = 00:00:07 ; elapsed = 00:00:05 . Memory (MB): peak = 874.898 ; gain = 5.188

Phase 5.4 Placer Reporting

Phase 5.4.1 Restore STA
Phase 5.4.1 Restore STA | Checksum: 14234a822

Time (s): cpu = 00:00:07 ; elapsed = 00:00:05 . Memory (MB): peak = 874.898 ; gain = 5.188
Phase 5.4 Placer Reporting | Checksum: 14234a822

Time (s): cpu = 00:00:07 ; elapsed = 00:00:05 . Memory (MB): peak = 874.898 ; gain = 5.188

Phase 5.5 Final Placement Cleanup
Phase 5.5 Final Placement Cleanup | Checksum: 14389f93a

Time (s): cpu = 00:00:07 ; elapsed = 00:00:05 . Memory (MB): peak = 874.898 ; gain = 5.188
Phase 5 Post Placement Optimization and Clean-Up | Checksum: 14389f93a

Time (s): cpu = 00:00:07 ; elapsed = 00:00:05 . Memory (MB): peak = 874.898 ; gain = 5.188
Ending Placer Task | Checksum: 10480ec2d

Time (s): cpu = 00:00:00 ; elapsed = 00:00:05 . Memory (MB): peak = 874.898 ; gain = 5.188
INFO: [Common 17-83] Releasing license: Implementation
30 Infos, 0 Warnings, 0 Critical Warnings and 0 Errors encountered.
place_design completed successfully
place_design: Time (s): cpu = 00:00:07 ; elapsed = 00:00:05 . Memory (MB): peak = 874.898 ; gain = 5.188
Writing XDEF routing.
Writing XDEF routing logical nets.
Writing XDEF routing special nets.
Write XDEF Complete: Time (s): cpu = 00:00:00 ; elapsed = 00:00:00.390 . Memory (MB): peak = 874.898 ; gain = 0.000
report_utilization: Time (s): cpu = 00:00:00 ; elapsed = 00:00:00.031 . Memory (MB): peak = 881.668 ; gain = 0.000
Command: route_design
Attempting to get a license for feature 'Implementation' and/or device 'xc7z010'
INFO: [Common 17-349] Got license for feature 'Implementation' and/or device 'xc7z010'
Running DRC as a precondition to command route_design
INFO: [Drc 23-27] Running DRC with 2 threads
INFO: [Vivado_Tcl 4-198] DRC finished with 0 Errors
INFO: [Vivado_Tcl 4-199] Please refer to the DRC report (report_drc) for more information.


Starting Routing Task
INFO: [Route 35-254] Multithreading enabled for route_design using a maximum of 2 CPUs

Starting Route Task

Phase 1 Build RT Design
Phase 1 Build RT Design | Checksum: 19d277d23

Time (s): cpu = 00:00:20 ; elapsed = 00:00:18 . Memory (MB): peak = 966.012 ; gain = 84.344

Phase 2 Router Initialization

Phase 2.1 Create Timer
Phase 2.1 Create Timer | Checksum: 19d277d23

Time (s): cpu = 00:00:20 ; elapsed = 00:00:18 . Memory (MB): peak = 966.012 ; gain = 84.344
 Number of Nodes with overlaps = 0

Phase 2.2 Update Timing
Phase 2.2 Update Timing | Checksum: 15ad38501

Time (s): cpu = 00:00:21 ; elapsed = 00:00:19 . Memory (MB): peak = 976.895 ; gain = 95.227
INFO: [Route 35-57] Estimated Timing Summary | WNS=3.76   | TNS=0      | WHS=-0.188 | THS=-18.1  |

Phase 2 Router Initialization | Checksum: 15ad38501

Time (s): cpu = 00:00:21 ; elapsed = 00:00:19 . Memory (MB): peak = 976.895 ; gain = 95.227

Phase 3 Initial Routing
Phase 3 Initial Routing | Checksum: 1098939af

Time (s): cpu = 00:00:22 ; elapsed = 00:00:19 . Memory (MB): peak = 976.895 ; gain = 95.227

Phase 4 Rip-up And Reroute

Phase 4.1 Global Iteration 0
 Number of Nodes with overlaps = 79
 Number of Nodes with overlaps = 0

Phase 4.1.1 Update Timing
Phase 4.1.1 Update Timing | Checksum: 6d76f727

Time (s): cpu = 00:00:22 ; elapsed = 00:00:20 . Memory (MB): peak = 976.895 ; gain = 95.227
INFO: [Route 35-57] Estimated Timing Summary | WNS=3.73   | TNS=0      | WHS=N/A    | THS=N/A    |

Phase 4.1 Global Iteration 0 | Checksum: 17c9594dc

Time (s): cpu = 00:00:22 ; elapsed = 00:00:20 . Memory (MB): peak = 976.895 ; gain = 95.227

Phase 4.2 Global Iteration 1
 Number of Nodes with overlaps = 6
 Number of Nodes with overlaps = 0

Phase 4.2.1 Update Timing
Phase 4.2.1 Update Timing | Checksum: 1531e13d3

Time (s): cpu = 00:00:22 ; elapsed = 00:00:20 . Memory (MB): peak = 976.895 ; gain = 95.227
INFO: [Route 35-57] Estimated Timing Summary | WNS=3.73   | TNS=0      | WHS=N/A    | THS=N/A    |

Phase 4.2 Global Iteration 1 | Checksum: 1531e13d3

Time (s): cpu = 00:00:22 ; elapsed = 00:00:20 . Memory (MB): peak = 976.895 ; gain = 95.227
Phase 4 Rip-up And Reroute | Checksum: 1531e13d3

Time (s): cpu = 00:00:22 ; elapsed = 00:00:20 . Memory (MB): peak = 976.895 ; gain = 95.227

Phase 5 Delay CleanUp

Phase 5.1 Update Timing
Phase 5.1 Update Timing | Checksum: 1531e13d3

Time (s): cpu = 00:00:23 ; elapsed = 00:00:20 . Memory (MB): peak = 976.895 ; gain = 95.227
INFO: [Route 35-57] Estimated Timing Summary | WNS=3.73   | TNS=0      | WHS=N/A    | THS=N/A    |

Phase 5 Delay CleanUp | Checksum: 1531e13d3

Time (s): cpu = 00:00:23 ; elapsed = 00:00:20 . Memory (MB): peak = 976.895 ; gain = 95.227

Phase 6 Clock Skew Optimization
Phase 6 Clock Skew Optimization | Checksum: 1531e13d3

Time (s): cpu = 00:00:23 ; elapsed = 00:00:20 . Memory (MB): peak = 976.895 ; gain = 95.227

Phase 7 Post Hold Fix

Phase 7.1 Update Timing
Phase 7.1 Update Timing | Checksum: 1531e13d3

Time (s): cpu = 00:00:23 ; elapsed = 00:00:20 . Memory (MB): peak = 976.895 ; gain = 95.227
INFO: [Route 35-57] Estimated Timing Summary | WNS=3.73   | TNS=0      | WHS=0.054  | THS=0      |

Phase 7 Post Hold Fix | Checksum: 1531e13d3

Time (s): cpu = 00:00:23 ; elapsed = 00:00:20 . Memory (MB): peak = 976.895 ; gain = 95.227

Phase 8 Route finalize

Router Utilization Summary
  Global Vertical Routing Utilization    = 0.389217 %
  Global Horizontal Routing Utilization  = 0.602022 %
  Routable Net Status*
  *Does not include unroutable nets such as driverless and loadless.
  Run report_route_status for detailed report.
  Number of Failed Nets               = 0
  Number of Unrouted Nets             = 0
  Number of Partially Routed Nets     = 0
  Number of Node Overlaps             = 0

Phase 8 Route finalize | Checksum: 1531e13d3

Time (s): cpu = 00:00:23 ; elapsed = 00:00:20 . Memory (MB): peak = 976.895 ; gain = 95.227

Phase 9 Verifying routed nets

 Verification completed successfully
Phase 9 Verifying routed nets | Checksum: 1531e13d3

Time (s): cpu = 00:00:23 ; elapsed = 00:00:20 . Memory (MB): peak = 976.895 ; gain = 95.227

Phase 10 Depositing Routes
Phase 10 Depositing Routes | Checksum: 122d23788

Time (s): cpu = 00:00:23 ; elapsed = 00:00:20 . Memory (MB): peak = 976.895 ; gain = 95.227

Phase 11 Post Router Timing
INFO: [Route 35-57] Estimated Timing Summary | WNS=3.73   | TNS=0      | WHS=0.054  | THS=0      |

INFO: [Route 35-327] The final timing numbers are based on the router estimated timing analysis. For a complete and accurate timing signoff, please run report_timing_summary.
Phase 11 Post Router Timing | Checksum: 122d23788

Time (s): cpu = 00:00:23 ; elapsed = 00:00:20 . Memory (MB): peak = 976.895 ; gain = 95.227
INFO: [Route 35-16] Router Completed Successfully
Ending Route Task | Checksum: 122d23788

Time (s): cpu = 00:00:00 ; elapsed = 00:00:20 . Memory (MB): peak = 976.895 ; gain = 95.227

Routing Is Done.

Time (s): cpu = 00:00:00 ; elapsed = 00:00:20 . Memory (MB): peak = 976.895 ; gain = 95.227
INFO: [Common 17-83] Releasing license: Implementation
44 Infos, 0 Warnings, 0 Critical Warnings and 0 Errors encountered.
route_design completed successfully
route_design: Time (s): cpu = 00:00:25 ; elapsed = 00:00:21 . Memory (MB): peak = 976.895 ; gain = 95.227
Writing XDEF routing.
Writing XDEF routing logical nets.
Writing XDEF routing special nets.
Write XDEF Complete: Time (s): cpu = 00:00:00 ; elapsed = 00:00:00.483 . Memory (MB): peak = 976.895 ; gain = 0.000
INFO: [Drc 23-27] Running DRC with 2 threads
INFO: [Coretcl 2-168] The results of DRC are in file D:/study/embled/lab3/lab3.runs/impl_1/system_wrapper_drc_routed.rpt.
INFO: [Timing 38-91] UpdateTimingParams: Speed grade: -1, Delay Type: min_max, Constraints type: SDC.
INFO: [Timing 38-191] Multithreading enabled for timing update using a maximum of 2 CPUs
Running Vector-less Activity Propagation...

Finished Running Vector-less Activity Propagation
Attempting to get a license for feature 'Implementation' and/or device 'xc7z010'
INFO: [Common 17-349] Got license for feature 'Implementation' and/or device 'xc7z010'
Running DRC as a precondition to command write_bitstream
INFO: [Drc 23-27] Running DRC with 2 threads
INFO: [Vivado 12-3199] DRC finished with 0 Errors, 1 Warnings
INFO: [Vivado 12-3200] Please refer to the DRC report (report_drc) for more information.
Loading data files...
Loading site data...
Loading route data...
Processing options...
Creating bitmap...
Creating bitstream...
Writing bitstream ./system_wrapper.bit...
INFO: [Vivado 12-1842] Bitgen Completed Successfully.
INFO: [Project 1-120] WebTalk data collection is mandatory for users of free Webpack licenses. To see the specific WebTalk data collected for your design, open the usage_statistics_webtalk.html or usage_statistics_webtalk.xml file in the implementation directory.
INFO: [Common 17-185] WebTalk report has not been sent to Xilinx. Please check your network and proxy settings.
INFO: [Common 17-83] Releasing license: Implementation
write_bitstream: Time (s): cpu = 00:00:23 ; elapsed = 00:00:34 . Memory (MB): peak = 1314.875 ; gain = 330.184
INFO: [Common 17-206] Exiting Vivado at Sat Jun 27 00:09:36 2015...

*** Running vivado
    with args -log system_wrapper.vdi -applog -m64 -messageDb vivado.pb -mode batch -source system_wrapper.tcl -notrace


****** Vivado v2014.2 (64-bit)
  **** SW Build 932637 on Wed Jun 11 13:33:10 MDT 2014
  **** IP Build 924643 on Fri May 30 09:20:16 MDT 2014
    ** Copyright 1986-2014 Xilinx, Inc. All Rights Reserved.

source system_wrapper.tcl -notrace
Command: open_checkpoint system_wrapper_routed.dcp
INFO: [Netlist 29-17] Analyzing 22 Unisim elements for replacement
INFO: [Netlist 29-28] Unisim Transformation completed in 0 CPU seconds
INFO: [Project 1-479] Netlist was created with Vivado 2014.2
Loading clock regions from D:/tools/Vivado/2014.2/data\parts/xilinx/zynq/zynq/xc7z010/ClockRegion.xml
Loading clock buffers from D:/tools/Vivado/2014.2/data\parts/xilinx/zynq/zynq/xc7z010/ClockBuffers.xml
Loading clock placement rules from D:/tools/Vivado/2014.2/data/parts/xilinx/zynq/ClockPlacerRules.xml
Loading package pin functions from D:/tools/Vivado/2014.2/data\parts/xilinx/zynq/PinFunctions.xml...
Loading package from D:/tools/Vivado/2014.2/data\parts/xilinx/zynq/zynq/xc7z010/clg400/Package.xml
Loading io standards from D:/tools/Vivado/2014.2/data\./parts/xilinx/zynq/IOStandards.xml
Parsing XDC File [D:/study/embled/lab3/lab3.runs/impl_1/.Xil/Vivado-2968-fujitsu-PC/dcp/system_wrapper_early.xdc]
Finished Parsing XDC File [D:/study/embled/lab3/lab3.runs/impl_1/.Xil/Vivado-2968-fujitsu-PC/dcp/system_wrapper_early.xdc]
Parsing XDC File [D:/study/embled/lab3/lab3.runs/impl_1/.Xil/Vivado-2968-fujitsu-PC/dcp/system_wrapper.xdc]
Finished Parsing XDC File [D:/study/embled/lab3/lab3.runs/impl_1/.Xil/Vivado-2968-fujitsu-PC/dcp/system_wrapper.xdc]
Reading XDEF placement.
Reading XDEF routing.
Read XDEF File: Time (s): cpu = 00:00:01 ; elapsed = 00:00:00.250 . Memory (MB): peak = 451.469 ; gain = 0.000
Restoring placement.
Restored 414 out of 414 XDEF sites from archive | CPU: 1.000000 secs | Memory: 0.000000 MB |
INFO: [Opt 31-138] Pushed 0 inverter(s) to 0 load pin(s).
INFO: [Project 1-111] Unisim Transformation Summary:
No Unisim elements were transformed.

INFO: [Project 1-484] Checkpoint was created with build 932637
open_checkpoint: Time (s): cpu = 00:00:08 ; elapsed = 00:00:09 . Memory (MB): peak = 452.219 ; gain = 278.453
Attempting to get a license for feature 'Implementation' and/or device 'xc7z010'
INFO: [Common 17-349] Got license for feature 'Implementation' and/or device 'xc7z010'
Running DRC as a precondition to command write_bitstream
INFO: [Drc 23-27] Running DRC with 2 threads
INFO: [Vivado 12-3199] DRC finished with 0 Errors, 1 Warnings
INFO: [Vivado 12-3200] Please refer to the DRC report (report_drc) for more information.
Loading data files...
Loading site data...
Loading route data...
Processing options...
Creating bitmap...
Creating bitstream...
Writing bitstream ./system_wrapper.bit...
INFO: [Vivado 12-1842] Bitgen Completed Successfully.
INFO: [Project 1-120] WebTalk data collection is mandatory for users of free Webpack licenses. To see the specific WebTalk data collected for your design, open the usage_statistics_webtalk.html or usage_statistics_webtalk.xml file in the implementation directory.
INFO: [Common 17-185] WebTalk report has not been sent to Xilinx. Please check your network and proxy settings.
INFO: [Common 17-83] Releasing license: Implementation
write_bitstream: Time (s): cpu = 00:00:38 ; elapsed = 00:00:48 . Memory (MB): peak = 802.582 ; gain = 350.363
INFO: [Common 17-206] Exiting Vivado at Sat Jun 27 00:23:28 2015...
