00:13:26 INFO  : Processing command line option -hwspec D:/study/embled/lab2/lab2.sdk/system_wrapper.hdf.
00:38:59 INFO  : FPGA configured successfully with bitstream "D:/study/embled/lab2/lab2.sdk/system_wrapper_hw_platform_0/system_wrapper.bit"
00:39:27 INFO  : ps7_init is completed.
00:39:27 INFO  : ps7_post_config is completed.
00:39:27 INFO  : Processor reset is completed for ps7_cortexa9_0
00:40:40 INFO  : FPGA configured successfully with bitstream "D:/study/embled/lab2/lab2.sdk/system_wrapper_hw_platform_0/system_wrapper.bit"
00:40:52 INFO  : ps7_init is completed.
00:40:52 INFO  : ps7_post_config is completed.
00:40:53 INFO  : Processor reset is completed for ps7_cortexa9_0
00:45:26 INFO  : ps7_cortexa9_0 Processor is in use. Please stop existing Run or Debug sessions before launching.
00:45:33 INFO  : Processor reset is completed for ps7_cortexa9_0
00:46:32 INFO  : ps7_cortexa9_0 Processor is in use. Please stop existing Run or Debug sessions before launching.
00:46:35 INFO  : Processor reset is completed for ps7_cortexa9_0
00:47:42 INFO  : ps7_cortexa9_0 Processor is in use. Please stop existing Run or Debug sessions before launching.
00:47:44 INFO  : Processor reset is completed for ps7_cortexa9_0
00:48:54 ERROR : Unexpected error while parsing XMD response 19: com.google.gson.JsonSyntaxException: com.google.gson.stream.MalformedJsonException: invalid number or unquoted string near 
19:18:48 INFO  : Processing command line option -hwspec D:/study/embled/lab2/lab2.sdk/system_wrapper.hdf.
19:18:50 INFO  : Checking for hwspec changes in the project system_wrapper_hw_platform_0.
19:26:24 ERROR : FPGA Configuration failed.Failed to download the bit file

    Failed to verify DONE bit after configuring FPGA


19:26:49 INFO  : FPGA configured successfully with bitstream "D:/study/embled/lab2/lab2.sdk/system_wrapper_hw_platform_0/system_wrapper.bit"
19:29:24 INFO  : ps7_init is completed.
19:29:24 INFO  : ps7_post_config is completed.
19:29:24 INFO  : Processor reset is completed for ps7_cortexa9_0
19:32:30 INFO  : Time out for XMD transaction is 60000
If you want to increase the timeout value, goto Windows-> Preferences -> Xilinx SDK -> XMD Startup
19:32:30 ERROR : Timeout occured while waiting to get reply for command "xstop 64"
19:43:09 INFO  : Processor reset is completed for ps7_cortexa9_0
19:43:44 INFO  : Processor reset is completed for ps7_cortexa9_0
19:46:26 INFO  : Processor reset is completed for ps7_cortexa9_0
19:55:34 INFO  : FPGA configured successfully with bitstream "D:/study/embled/lab2/lab2.sdk/system_wrapper_hw_platform_0/system_wrapper.bit"
19:55:44 INFO  : ps7_init is completed.
19:55:44 INFO  : ps7_post_config is completed.
19:55:44 INFO  : Processor reset is completed for ps7_cortexa9_0
19:57:01 INFO  : Processor reset is completed for ps7_cortexa9_0
19:59:12 INFO  : FPGA configured successfully with bitstream "D:/study/embled/lab2/lab2.sdk/system_wrapper_hw_platform_0/system_wrapper.bit"
19:59:25 INFO  : ps7_init is completed.
19:59:25 INFO  : ps7_post_config is completed.
19:59:25 INFO  : Processor reset is completed for ps7_cortexa9_0
20:00:40 INFO  : Processor reset is completed for ps7_cortexa9_0
20:01:25 INFO  : Processor reset is completed for ps7_cortexa9_0
20:02:19 INFO  : Processor reset is completed for ps7_cortexa9_0
20:04:08 INFO  : Processor reset is completed for ps7_cortexa9_0
20:04:59 INFO  : Processor reset is completed for ps7_cortexa9_0
20:50:47 ERROR : FPGA Configuration failed.Failed to download the bit file

    Failed to verify DONE bit after configuring FPGA


20:51:01 INFO  : FPGA configured successfully with bitstream "D:/study/embled/lab2/lab2.sdk/system_wrapper_hw_platform_0/system_wrapper.bit"
20:51:10 INFO  : ps7_init is completed.
20:51:10 INFO  : ps7_post_config is completed.
20:51:11 INFO  : Processor reset is completed for ps7_cortexa9_0
20:54:18 INFO  : Processor reset is completed for ps7_cortexa9_0
20:55:20 INFO  : Processor reset is completed for ps7_cortexa9_0
20:59:25 INFO  : Processor reset is completed for ps7_cortexa9_0
21:00:08 INFO  : Processor reset is completed for ps7_cortexa9_0
21:00:38 INFO  : Processor reset is completed for ps7_cortexa9_0
21:01:20 INFO  : Processor reset is completed for ps7_cortexa9_0
21:02:09 INFO  : Processor reset is completed for ps7_cortexa9_0
21:03:18 INFO  : Time out for XMD transaction is 60000
If you want to increase the timeout value, goto Windows-> Preferences -> Xilinx SDK -> XMD Startup
21:03:18 ERROR : Timeout occured while waiting to get reply for command "xstop 64"
21:07:52 INFO  : Processor reset is completed for ps7_cortexa9_0
21:09:16 INFO  : Processor reset is completed for ps7_cortexa9_0
21:11:43 ERROR : Unexpected error while parsing XMD response 19: com.google.gson.JsonSyntaxException: com.google.gson.stream.MalformedJsonException: invalid number or unquoted string near 
21:15:16 INFO  : Processing command line option -hwspec D:/study/embled/lab3/lab3.sdk/system_wrapper.hdf.
21:17:44 INFO  : FPGA configured successfully with bitstream "D:/study/embled/lab3/lab3.sdk/system_wrapper_hw_platform_0/system_wrapper.bit"
21:17:54 WARN  :  [Hsm 55-1559] Software Design already exists with Name D:\study\embled\lab2\lab2.sdk\standalone_bsp_0\system.mss
21:17:54 WARN  :  [Hsm 55-1559] Software Design already exists with Name D:\study\embled\lab2\lab2.sdk\standalone_bsp_0\system.mss
21:17:58 WARN  :  [Hsm 55-1559] Software Design already exists with Name D:\study\embled\lab2\lab2.sdk\standalone_bsp_0\system.mss
21:17:58 WARN  :  [Hsm 55-1559] Software Design already exists with Name D:\study\embled\lab2\lab2.sdk\standalone_bsp_0\system.mss
21:17:58 WARN  :  [Hsm 55-1559] Software Design already exists with Name D:\study\embled\lab2\lab2.sdk\standalone_bsp_0\system.mss
21:18:05 INFO  : ps7_init is completed.
21:18:06 INFO  : ps7_post_config is completed.
21:18:06 INFO  : Processor reset is completed for ps7_cortexa9_0
21:18:31 WARN  :  [Hsm 55-1559] Software Design already exists with Name D:\study\embled\lab2\lab2.sdk\standalone_bsp_0\system.mss
21:18:31 WARN  :  [Hsm 55-1559] Software Design already exists with Name D:\study\embled\lab2\lab2.sdk\standalone_bsp_0\system.mss
21:18:31 WARN  :  [Hsm 55-1559] Software Design already exists with Name D:\study\embled\lab2\lab2.sdk\standalone_bsp_0\system.mss
21:18:31 WARN  :  [Hsm 55-1559] Software Design already exists with Name D:\study\embled\lab2\lab2.sdk\standalone_bsp_0\system.mss
21:18:31 WARN  :  [Hsm 55-1559] Software Design already exists with Name D:\study\embled\lab2\lab2.sdk\standalone_bsp_0\system.mss
21:18:31 WARN  :  [Hsm 55-1559] Software Design already exists with Name D:\study\embled\lab2\lab2.sdk\standalone_bsp_0\system.mss
21:18:31 WARN  :  [Hsm 55-1559] Software Design already exists with Name D:\study\embled\lab2\lab2.sdk\standalone_bsp_0\system.mss
21:18:31 WARN  :  [Hsm 55-1559] Software Design already exists with Name D:\study\embled\lab2\lab2.sdk\standalone_bsp_0\system.mss
21:18:31 WARN  :  [Hsm 55-1559] Software Design already exists with Name D:\study\embled\lab2\lab2.sdk\standalone_bsp_0\system.mss
21:18:33 WARN  :  [Hsm 55-1559] Software Design already exists with Name D:\study\embled\lab2\lab2.sdk\standalone_bsp_0\system.mss
21:18:33 WARN  :  [Hsm 55-1559] Software Design already exists with Name D:\study\embled\lab2\lab2.sdk\standalone_bsp_0\system.mss
21:18:33 WARN  :  [Hsm 55-1559] Software Design already exists with Name D:\study\embled\lab2\lab2.sdk\standalone_bsp_0\system.mss
21:18:35 INFO  : ps7_cortexa9_0 Processor is in use. Please stop existing Run or Debug sessions before launching.
21:18:36 WARN  :  [Hsm 55-1559] Software Design already exists with Name D:\study\embled\lab2\lab2.sdk\standalone_bsp_0\system.mss
21:18:36 WARN  :  [Hsm 55-1559] Software Design already exists with Name D:\study\embled\lab2\lab2.sdk\standalone_bsp_0\system.mss
21:18:36 WARN  :  [Hsm 55-1559] Software Design already exists with Name D:\study\embled\lab2\lab2.sdk\standalone_bsp_0\system.mss
21:18:37 INFO  : Processor reset is completed for ps7_cortexa9_0
21:19:24 WARN  :  [Hsm 55-1559] Software Design already exists with Name D:\study\embled\lab2\lab2.sdk\standalone_bsp_0\system.mss
21:19:24 WARN  :  [Hsm 55-1559] Software Design already exists with Name D:\study\embled\lab2\lab2.sdk\standalone_bsp_0\system.mss
21:19:24 WARN  :  [Hsm 55-1559] Software Design already exists with Name D:\study\embled\lab2\lab2.sdk\standalone_bsp_0\system.mss
21:19:24 WARN  :  [Hsm 55-1559] Software Design already exists with Name D:\study\embled\lab2\lab2.sdk\standalone_bsp_0\system.mss
21:19:24 WARN  :  [Hsm 55-1559] Software Design already exists with Name D:\study\embled\lab2\lab2.sdk\standalone_bsp_0\system.mss
21:19:24 WARN  :  [Hsm 55-1559] Software Design already exists with Name D:\study\embled\lab2\lab2.sdk\standalone_bsp_0\system.mss
21:19:24 WARN  :  [Hsm 55-1559] Software Design already exists with Name D:\study\embled\lab2\lab2.sdk\standalone_bsp_0\system.mss
21:19:24 WARN  :  [Hsm 55-1559] Software Design already exists with Name D:\study\embled\lab2\lab2.sdk\standalone_bsp_0\system.mss
21:19:24 WARN  :  [Hsm 55-1559] Software Design already exists with Name D:\study\embled\lab2\lab2.sdk\standalone_bsp_0\system.mss
21:19:26 WARN  :  [Hsm 55-1559] Software Design already exists with Name D:\study\embled\lab2\lab2.sdk\standalone_bsp_0\system.mss
21:19:26 WARN  :  [Hsm 55-1559] Software Design already exists with Name D:\study\embled\lab2\lab2.sdk\standalone_bsp_0\system.mss
21:19:26 WARN  :  [Hsm 55-1559] Software Design already exists with Name D:\study\embled\lab2\lab2.sdk\standalone_bsp_0\system.mss
21:19:27 INFO  : ps7_cortexa9_0 Processor is in use. Please stop existing Run or Debug sessions before launching.
21:19:28 WARN  :  [Hsm 55-1559] Software Design already exists with Name D:\study\embled\lab2\lab2.sdk\standalone_bsp_0\system.mss
21:19:28 WARN  :  [Hsm 55-1559] Software Design already exists with Name D:\study\embled\lab2\lab2.sdk\standalone_bsp_0\system.mss
21:19:28 WARN  :  [Hsm 55-1559] Software Design already exists with Name D:\study\embled\lab2\lab2.sdk\standalone_bsp_0\system.mss
21:19:29 INFO  : Processor reset is completed for ps7_cortexa9_0
21:20:20 WARN  :  [Hsm 55-1559] Software Design already exists with Name D:\study\embled\lab2\lab2.sdk\standalone_bsp_0\system.mss
21:20:20 WARN  :  [Hsm 55-1559] Software Design already exists with Name D:\study\embled\lab2\lab2.sdk\standalone_bsp_0\system.mss
21:20:20 WARN  :  [Hsm 55-1559] Software Design already exists with Name D:\study\embled\lab2\lab2.sdk\standalone_bsp_0\system.mss
21:20:20 WARN  :  [Hsm 55-1559] Software Design already exists with Name D:\study\embled\lab2\lab2.sdk\standalone_bsp_0\system.mss
21:20:20 WARN  :  [Hsm 55-1559] Software Design already exists with Name D:\study\embled\lab2\lab2.sdk\standalone_bsp_0\system.mss
21:20:20 WARN  :  [Hsm 55-1559] Software Design already exists with Name D:\study\embled\lab2\lab2.sdk\standalone_bsp_0\system.mss
21:20:20 WARN  :  [Hsm 55-1559] Software Design already exists with Name D:\study\embled\lab2\lab2.sdk\standalone_bsp_0\system.mss
21:20:20 WARN  :  [Hsm 55-1559] Software Design already exists with Name D:\study\embled\lab2\lab2.sdk\standalone_bsp_0\system.mss
21:20:20 WARN  :  [Hsm 55-1559] Software Design already exists with Name D:\study\embled\lab2\lab2.sdk\standalone_bsp_0\system.mss
21:20:21 WARN  :  [Hsm 55-1559] Software Design already exists with Name D:\study\embled\lab2\lab2.sdk\standalone_bsp_0\system.mss
21:20:21 WARN  :  [Hsm 55-1559] Software Design already exists with Name D:\study\embled\lab2\lab2.sdk\standalone_bsp_0\system.mss
21:20:21 WARN  :  [Hsm 55-1559] Software Design already exists with Name D:\study\embled\lab2\lab2.sdk\standalone_bsp_0\system.mss
21:20:23 INFO  : ps7_cortexa9_0 Processor is in use. Please stop existing Run or Debug sessions before launching.
21:20:24 WARN  :  [Hsm 55-1559] Software Design already exists with Name D:\study\embled\lab2\lab2.sdk\standalone_bsp_0\system.mss
21:20:24 WARN  :  [Hsm 55-1559] Software Design already exists with Name D:\study\embled\lab2\lab2.sdk\standalone_bsp_0\system.mss
21:20:24 WARN  :  [Hsm 55-1559] Software Design already exists with Name D:\study\embled\lab2\lab2.sdk\standalone_bsp_0\system.mss
21:20:25 INFO  : Processor reset is completed for ps7_cortexa9_0
21:20:45 WARN  :  [Hsm 55-1559] Software Design already exists with Name D:\study\embled\lab2\lab2.sdk\standalone_bsp_0\system.mss
21:20:45 WARN  :  [Hsm 55-1559] Software Design already exists with Name D:\study\embled\lab2\lab2.sdk\standalone_bsp_0\system.mss
21:20:45 WARN  :  [Hsm 55-1559] Software Design already exists with Name D:\study\embled\lab2\lab2.sdk\standalone_bsp_0\system.mss
21:20:45 WARN  :  [Hsm 55-1559] Software Design already exists with Name D:\study\embled\lab2\lab2.sdk\standalone_bsp_0\system.mss
21:20:45 WARN  :  [Hsm 55-1559] Software Design already exists with Name D:\study\embled\lab2\lab2.sdk\standalone_bsp_0\system.mss
21:20:45 WARN  :  [Hsm 55-1559] Software Design already exists with Name D:\study\embled\lab2\lab2.sdk\standalone_bsp_0\system.mss
21:20:45 WARN  :  [Hsm 55-1559] Software Design already exists with Name D:\study\embled\lab2\lab2.sdk\standalone_bsp_0\system.mss
21:20:45 WARN  :  [Hsm 55-1559] Software Design already exists with Name D:\study\embled\lab2\lab2.sdk\standalone_bsp_0\system.mss
21:20:45 WARN  :  [Hsm 55-1559] Software Design already exists with Name D:\study\embled\lab2\lab2.sdk\standalone_bsp_0\system.mss
21:20:47 WARN  :  [Hsm 55-1559] Software Design already exists with Name D:\study\embled\lab2\lab2.sdk\standalone_bsp_0\system.mss
21:20:47 WARN  :  [Hsm 55-1559] Software Design already exists with Name D:\study\embled\lab2\lab2.sdk\standalone_bsp_0\system.mss
21:20:47 WARN  :  [Hsm 55-1559] Software Design already exists with Name D:\study\embled\lab2\lab2.sdk\standalone_bsp_0\system.mss
21:20:48 INFO  : ps7_cortexa9_0 Processor is in use. Please stop existing Run or Debug sessions before launching.
21:20:49 WARN  :  [Hsm 55-1559] Software Design already exists with Name D:\study\embled\lab2\lab2.sdk\standalone_bsp_0\system.mss
21:20:49 WARN  :  [Hsm 55-1559] Software Design already exists with Name D:\study\embled\lab2\lab2.sdk\standalone_bsp_0\system.mss
21:20:49 WARN  :  [Hsm 55-1559] Software Design already exists with Name D:\study\embled\lab2\lab2.sdk\standalone_bsp_0\system.mss
21:20:50 INFO  : Processor reset is completed for ps7_cortexa9_0
21:21:11 WARN  :  [Hsm 55-1559] Software Design already exists with Name D:\study\embled\lab2\lab2.sdk\standalone_bsp_0\system.mss
21:21:11 WARN  :  [Hsm 55-1559] Software Design already exists with Name D:\study\embled\lab2\lab2.sdk\standalone_bsp_0\system.mss
21:21:11 WARN  :  [Hsm 55-1559] Software Design already exists with Name D:\study\embled\lab2\lab2.sdk\standalone_bsp_0\system.mss
21:21:11 WARN  :  [Hsm 55-1559] Software Design already exists with Name D:\study\embled\lab2\lab2.sdk\standalone_bsp_0\system.mss
21:21:11 WARN  :  [Hsm 55-1559] Software Design already exists with Name D:\study\embled\lab2\lab2.sdk\standalone_bsp_0\system.mss
21:21:11 WARN  :  [Hsm 55-1559] Software Design already exists with Name D:\study\embled\lab2\lab2.sdk\standalone_bsp_0\system.mss
21:21:11 WARN  :  [Hsm 55-1559] Software Design already exists with Name D:\study\embled\lab2\lab2.sdk\standalone_bsp_0\system.mss
21:21:11 WARN  :  [Hsm 55-1559] Software Design already exists with Name D:\study\embled\lab2\lab2.sdk\standalone_bsp_0\system.mss
21:21:11 WARN  :  [Hsm 55-1559] Software Design already exists with Name D:\study\embled\lab2\lab2.sdk\standalone_bsp_0\system.mss
21:21:13 WARN  :  [Hsm 55-1559] Software Design already exists with Name D:\study\embled\lab2\lab2.sdk\standalone_bsp_0\system.mss
21:21:13 WARN  :  [Hsm 55-1559] Software Design already exists with Name D:\study\embled\lab2\lab2.sdk\standalone_bsp_0\system.mss
21:21:13 WARN  :  [Hsm 55-1559] Software Design already exists with Name D:\study\embled\lab2\lab2.sdk\standalone_bsp_0\system.mss
21:21:14 INFO  : ps7_cortexa9_0 Processor is in use. Please stop existing Run or Debug sessions before launching.
21:21:16 WARN  :  [Hsm 55-1559] Software Design already exists with Name D:\study\embled\lab2\lab2.sdk\standalone_bsp_0\system.mss
21:21:16 WARN  :  [Hsm 55-1559] Software Design already exists with Name D:\study\embled\lab2\lab2.sdk\standalone_bsp_0\system.mss
21:21:16 WARN  :  [Hsm 55-1559] Software Design already exists with Name D:\study\embled\lab2\lab2.sdk\standalone_bsp_0\system.mss
21:21:16 INFO  : Processor reset is completed for ps7_cortexa9_0
21:21:45 WARN  :  [Hsm 55-1559] Software Design already exists with Name D:\study\embled\lab2\lab2.sdk\standalone_bsp_0\system.mss
21:21:45 WARN  :  [Hsm 55-1559] Software Design already exists with Name D:\study\embled\lab2\lab2.sdk\standalone_bsp_0\system.mss
21:21:45 WARN  :  [Hsm 55-1559] Software Design already exists with Name D:\study\embled\lab2\lab2.sdk\standalone_bsp_0\system.mss
21:21:45 WARN  :  [Hsm 55-1559] Software Design already exists with Name D:\study\embled\lab2\lab2.sdk\standalone_bsp_0\system.mss
21:21:45 WARN  :  [Hsm 55-1559] Software Design already exists with Name D:\study\embled\lab2\lab2.sdk\standalone_bsp_0\system.mss
21:21:45 WARN  :  [Hsm 55-1559] Software Design already exists with Name D:\study\embled\lab2\lab2.sdk\standalone_bsp_0\system.mss
21:21:45 WARN  :  [Hsm 55-1559] Software Design already exists with Name D:\study\embled\lab2\lab2.sdk\standalone_bsp_0\system.mss
21:21:45 WARN  :  [Hsm 55-1559] Software Design already exists with Name D:\study\embled\lab2\lab2.sdk\standalone_bsp_0\system.mss
21:21:45 WARN  :  [Hsm 55-1559] Software Design already exists with Name D:\study\embled\lab2\lab2.sdk\standalone_bsp_0\system.mss
21:21:47 WARN  :  [Hsm 55-1559] Software Design already exists with Name D:\study\embled\lab2\lab2.sdk\standalone_bsp_0\system.mss
21:21:47 WARN  :  [Hsm 55-1559] Software Design already exists with Name D:\study\embled\lab2\lab2.sdk\standalone_bsp_0\system.mss
21:21:47 WARN  :  [Hsm 55-1559] Software Design already exists with Name D:\study\embled\lab2\lab2.sdk\standalone_bsp_0\system.mss
21:21:48 INFO  : ps7_cortexa9_0 Processor is in use. Please stop existing Run or Debug sessions before launching.
21:21:50 WARN  :  [Hsm 55-1559] Software Design already exists with Name D:\study\embled\lab2\lab2.sdk\standalone_bsp_0\system.mss
21:21:50 WARN  :  [Hsm 55-1559] Software Design already exists with Name D:\study\embled\lab2\lab2.sdk\standalone_bsp_0\system.mss
21:21:50 WARN  :  [Hsm 55-1559] Software Design already exists with Name D:\study\embled\lab2\lab2.sdk\standalone_bsp_0\system.mss
21:21:50 INFO  : Processor reset is completed for ps7_cortexa9_0
21:22:24 WARN  :  [Hsm 55-1559] Software Design already exists with Name D:\study\embled\lab2\lab2.sdk\standalone_bsp_0\system.mss
21:22:24 WARN  :  [Hsm 55-1559] Software Design already exists with Name D:\study\embled\lab2\lab2.sdk\standalone_bsp_0\system.mss
21:22:24 WARN  :  [Hsm 55-1559] Software Design already exists with Name D:\study\embled\lab2\lab2.sdk\standalone_bsp_0\system.mss
21:22:24 WARN  :  [Hsm 55-1559] Software Design already exists with Name D:\study\embled\lab2\lab2.sdk\standalone_bsp_0\system.mss
21:22:24 WARN  :  [Hsm 55-1559] Software Design already exists with Name D:\study\embled\lab2\lab2.sdk\standalone_bsp_0\system.mss
21:22:29 INFO  : ps7_cortexa9_0 Processor is in use. Please stop existing Run or Debug sessions before launching.
21:22:31 INFO  : Processor reset is completed for ps7_cortexa9_0
21:23:17 INFO  : ps7_cortexa9_0 Processor is in use. Please stop existing Run or Debug sessions before launching.
21:23:19 INFO  : Processor reset is completed for ps7_cortexa9_0
21:25:11 ERROR : Unexpected error while parsing XMD response 19: com.google.gson.JsonSyntaxException: com.google.gson.stream.MalformedJsonException: invalid number or unquoted string near 
23:03:22 INFO  : Processing command line option -hwspec D:/study/embled/lab3/lab3.sdk/system_wrapper.hdf.
23:03:25 INFO  : Checking for hwspec changes in the project system_wrapper_hw_platform_1.
23:05:45 INFO  : FPGA configured successfully with bitstream "D:/study/embled/lab3/lab3.sdk/system_wrapper_hw_platform_0/system_wrapper.bit"
23:05:55 WARN  :  [Hsm 55-1559] Software Design already exists with Name D:\study\embled\lab2\lab2.sdk\standalone_bsp_0\system.mss
23:05:55 WARN  :  [Hsm 55-1559] Software Design already exists with Name D:\study\embled\lab2\lab2.sdk\standalone_bsp_0\system.mss
23:05:58 WARN  :  [Hsm 55-1559] Software Design already exists with Name D:\study\embled\lab2\lab2.sdk\standalone_bsp_0\system.mss
23:05:58 WARN  :  [Hsm 55-1559] Software Design already exists with Name D:\study\embled\lab2\lab2.sdk\standalone_bsp_0\system.mss
23:05:58 WARN  :  [Hsm 55-1559] Software Design already exists with Name D:\study\embled\lab2\lab2.sdk\standalone_bsp_0\system.mss
23:06:10 INFO  : ps7_init is completed.
23:06:11 INFO  : ps7_post_config is completed.
23:06:11 INFO  : Processor reset is completed for ps7_cortexa9_0
23:07:01 ERROR : Unexpected error while parsing XMD response 19: com.google.gson.JsonSyntaxException: com.google.gson.stream.MalformedJsonException: invalid number or unquoted string near 
23:07:23 INFO  : Processing command line option -hwspec D:/study/embled/lab3/lab3.sdk/system_wrapper.hdf.
23:07:24 INFO  : Checking for hwspec changes in the project system_wrapper_hw_platform_1.
23:08:07 WARN  :  [Hsm 55-1559] Software Design already exists with Name D:\study\embled\lab2\lab2.sdk\standalone_bsp_0\system.mss
23:08:07 WARN  :  [Hsm 55-1559] Software Design already exists with Name D:\study\embled\lab2\lab2.sdk\standalone_bsp_0\system.mss
23:08:07 WARN  :  [Hsm 55-1559] Software Design already exists with Name D:\study\embled\lab2\lab2.sdk\standalone_bsp_0\system.mss
23:08:07 WARN  :  [Hsm 55-1559] Software Design already exists with Name D:\study\embled\lab2\lab2.sdk\standalone_bsp_0\system.mss
23:08:07 WARN  :  [Hsm 55-1559] Software Design already exists with Name D:\study\embled\lab2\lab2.sdk\standalone_bsp_0\system.mss
23:08:22 WARN  :  [Hsm 55-1559] Software Design already exists with Name D:\study\embled\lab2\lab2.sdk\standalone_bsp_0\system.mss
23:08:22 WARN  :  [Hsm 55-1559] Software Design already exists with Name D:\study\embled\lab2\lab2.sdk\standalone_bsp_0\system.mss
23:08:22 WARN  :  [Hsm 55-1559] Software Design already exists with Name D:\study\embled\lab2\lab2.sdk\standalone_bsp_0\system.mss
23:08:23 WARN  :  [Hsm 55-1559] Software Design already exists with Name D:\study\embled\lab2\lab2.sdk\standalone_bsp_0\system.mss
23:08:23 WARN  :  [Hsm 55-1559] Software Design already exists with Name D:\study\embled\lab2\lab2.sdk\standalone_bsp_0\system.mss
23:08:23 WARN  :  [Hsm 55-1559] Software Design already exists with Name D:\study\embled\lab2\lab2.sdk\standalone_bsp_0\system.mss
23:08:23 WARN  :  [Hsm 55-1559] Software Design already exists with Name D:\study\embled\lab2\lab2.sdk\standalone_bsp_0\system.mss
23:08:23 WARN  :  [Hsm 55-1559] Software Design already exists with Name D:\study\embled\lab2\lab2.sdk\standalone_bsp_0\system.mss
23:08:23 WARN  :  [Hsm 55-1559] Software Design already exists with Name D:\study\embled\lab2\lab2.sdk\standalone_bsp_0\system.mss
23:26:06 INFO  : FPGA configured successfully with bitstream "D:/study/embled/lab3/lab3.sdk/system_wrapper_hw_platform_1/system_wrapper.bit"
23:27:05 INFO  : ps7_init is completed.
23:27:05 INFO  : ps7_post_config is completed.
23:27:06 INFO  : Processor reset is completed for ps7_cortexa9_0
23:28:26 ERROR : Unable to disconnect from existing targets
java.lang.NullPointerException
	at com.xilinx.sdk.targetmanager.internal.json.XMDJSONProcess.issueCommand(XMDJSONProcess.java:144)
	at com.xilinx.sdk.targetmanager.internal.TM.disconnectTarget(TM.java:338)
	at com.xilinx.sdk.targetmanager.internal.TM.disconnectExistingTargets(TM.java:320)
	at com.xilinx.sdk.targetmanager.internal.TM.terminate(TM.java:210)
	at com.xilinx.sdk.targetmanager.TMPlugin.stop(TMPlugin.java:57)
	at org.eclipse.osgi.framework.internal.core.BundleContextImpl$2.run(BundleContextImpl.java:771)
	at java.security.AccessController.doPrivileged(Native Method)
	at org.eclipse.osgi.framework.internal.core.BundleContextImpl.stop(BundleContextImpl.java:764)
	at org.eclipse.osgi.framework.internal.core.BundleHost.stopWorker(BundleHost.java:510)
	at org.eclipse.osgi.framework.internal.core.AbstractBundle.suspend(AbstractBundle.java:566)
	at org.eclipse.osgi.framework.internal.core.Framework.suspendBundle(Framework.java:1206)
	at org.eclipse.osgi.framework.internal.core.StartLevelManager.decFWSL(StartLevelManager.java:592)
	at org.eclipse.osgi.framework.internal.core.StartLevelManager.doSetStartLevel(StartLevelManager.java:257)
	at org.eclipse.osgi.framework.internal.core.StartLevelManager.shutdown(StartLevelManager.java:215)
	at org.eclipse.osgi.framework.internal.core.InternalSystemBundle.suspend(InternalSystemBundle.java:284)
	at org.eclipse.osgi.framework.internal.core.Framework.shutdown(Framework.java:692)
	at org.eclipse.osgi.framework.internal.core.Framework.close(Framework.java:600)
	at org.eclipse.core.runtime.adaptor.EclipseStarter.shutdown(EclipseStarter.java:399)
	at org.eclipse.core.runtime.adaptor.EclipseStarter.run(EclipseStarter.java:199)
	at sun.reflect.NativeMethodAccessorImpl.invoke0(Native Method)
	at sun.reflect.NativeMethodAccessorImpl.invoke(NativeMethodAccessorImpl.java:57)
	at sun.reflect.DelegatingMethodAccessorImpl.invoke(DelegatingMethodAccessorImpl.java:43)
	at java.lang.reflect.Method.invoke(Method.java:606)
	at org.eclipse.equinox.launcher.Main.invokeFramework(Main.java:629)
	at org.eclipse.equinox.launcher.Main.basicRun(Main.java:584)
	at org.eclipse.equinox.launcher.Main.run(Main.java:1438)
23:28:26 ERROR : Unexpected error while parsing XMD response 19: com.google.gson.JsonSyntaxException: com.google.gson.stream.MalformedJsonException: invalid number or unquoted string near 
23:43:04 INFO  : Processing command line option -hwspec D:/study/embled/lab3/lab3.sdk/system_wrapper.hdf.
23:43:05 INFO  : Checking for hwspec changes in the project system_wrapper_hw_platform_1.
23:43:05 INFO  : SDK has detected change in the last modified timestamps for source hardware specification file Source:1435333364838,  Project:1435075932000
23:43:05 INFO  : The hardware specification for project 'system_wrapper_hw_platform_1' is different from D:/study/embled/lab3/lab3.sdk/system_wrapper.hdf.
23:43:06 INFO  : Copied contents of D:/study/embled/lab3/lab3.sdk/system_wrapper.hdf into \system_wrapper_hw_platform_1\system.hdf.
23:43:09 ERROR :  [Hsm 55-1681] D:\study\embled\lab3\lab3.sdk\system_wrapper_hw_platform_1\system.hdf doesn't have Hardware Handoff XML
23:43:14 ERROR :  [Hsm 55-1681] D:\study\embled\lab3\lab3.sdk\system_wrapper_hw_platform_1\system.hdf doesn't have Hardware Handoff XML
23:43:19 ERROR :  [Hsm 55-1681] D:\study\embled\lab3\lab3.sdk\system_wrapper_hw_platform_1\system.hdf doesn't have Hardware Handoff XML
23:43:24 ERROR :  [Hsm 55-1681] D:\study\embled\lab3\lab3.sdk\system_wrapper_hw_platform_1\system.hdf doesn't have Hardware Handoff XML
23:43:29 ERROR :  [Hsm 55-1681] D:\study\embled\lab3\lab3.sdk\system_wrapper_hw_platform_1\system.hdf doesn't have Hardware Handoff XML
23:43:34 ERROR :  [Hsm 55-1681] D:\study\embled\lab3\lab3.sdk\system_wrapper_hw_platform_1\system.hdf doesn't have Hardware Handoff XML
23:43:39 ERROR :  [Hsm 55-1681] D:\study\embled\lab3\lab3.sdk\system_wrapper_hw_platform_1\system.hdf doesn't have Hardware Handoff XML
23:43:44 ERROR :  [Hsm 55-1681] D:\study\embled\lab3\lab3.sdk\system_wrapper_hw_platform_1\system.hdf doesn't have Hardware Handoff XML
23:43:49 ERROR :  [Hsm 55-1681] D:\study\embled\lab3\lab3.sdk\system_wrapper_hw_platform_1\system.hdf doesn't have Hardware Handoff XML
23:43:54 ERROR :  [Hsm 55-1681] D:\study\embled\lab3\lab3.sdk\system_wrapper_hw_platform_1\system.hdf doesn't have Hardware Handoff XML
23:43:59 ERROR :  [Hsm 55-1681] D:\study\embled\lab3\lab3.sdk\system_wrapper_hw_platform_1\system.hdf doesn't have Hardware Handoff XML
23:44:04 ERROR :  [Hsm 55-1681] D:\study\embled\lab3\lab3.sdk\system_wrapper_hw_platform_1\system.hdf doesn't have Hardware Handoff XML
23:44:09 ERROR :  [Hsm 55-1681] D:\study\embled\lab3\lab3.sdk\system_wrapper_hw_platform_1\system.hdf doesn't have Hardware Handoff XML
23:44:15 ERROR :  [Hsm 55-1681] D:\study\embled\lab3\lab3.sdk\system_wrapper_hw_platform_1\system.hdf doesn't have Hardware Handoff XML
00:10:29 INFO  : Processing command line option -hwspec D:/study/embled/lab3/lab3.sdk/system_wrapper.hdf.
00:10:32 INFO  : Checking for hwspec changes in the project system_wrapper_hw_platform_1.
00:10:46 ERROR :  [Hsm 55-1681] D:\study\embled\lab3\lab3.sdk\system_wrapper_hw_platform_1\system.hdf doesn't have Hardware Handoff XML
00:10:51 ERROR :  [Hsm 55-1681] D:\study\embled\lab3\lab3.sdk\system_wrapper_hw_platform_1\system.hdf doesn't have Hardware Handoff XML
00:10:56 ERROR :  [Hsm 55-1681] D:\study\embled\lab3\lab3.sdk\system_wrapper_hw_platform_1\system.hdf doesn't have Hardware Handoff XML
00:11:01 ERROR :  [Hsm 55-1681] D:\study\embled\lab3\lab3.sdk\system_wrapper_hw_platform_1\system.hdf doesn't have Hardware Handoff XML
00:11:06 ERROR :  [Hsm 55-1681] D:\study\embled\lab3\lab3.sdk\system_wrapper_hw_platform_1\system.hdf doesn't have Hardware Handoff XML
00:12:08 INFO  : Processing command line option -hwspec D:/study/embled/lab3/lab3.sdk/system_wrapper.hdf.
00:12:08 INFO  : Checking for hwspec changes in the project system_wrapper_hw_platform_1.
00:12:13 ERROR :  [Hsm 55-1681] D:\study\embled\lab3\lab3.sdk\system_wrapper_hw_platform_1\system.hdf doesn't have Hardware Handoff XML
00:12:18 ERROR :  [Hsm 55-1681] D:\study\embled\lab3\lab3.sdk\system_wrapper_hw_platform_1\system.hdf doesn't have Hardware Handoff XML
00:13:30 INFO  : Processing command line option -hwspec D:/study/embled/lab3/lab3.sdk/system_wrapper.hdf.
00:23:08 ERROR : Unexpected error while obtaining referenced S/W project {}
org.eclipse.core.internal.resources.ResourceException: Resource '/standalone_bsp_2' is not open.
	at org.eclipse.core.internal.resources.Project.checkAccessible(Project.java:150)
	at org.eclipse.core.internal.resources.Project.hasNature(Project.java:584)
	at com.xilinx.sdk.sw.SwProjectUtils.getReferencedSwProject(SwProjectUtils.java:244)
	at com.xilinx.sdk.tools.internal.CProjectPropertyTester.test(CProjectPropertyTester.java:31)
	at org.eclipse.core.internal.expressions.Property.test(Property.java:58)
	at org.eclipse.core.internal.expressions.TestExpression.evaluate(TestExpression.java:99)
	at org.eclipse.core.internal.expressions.CompositeExpression.evaluateAnd(CompositeExpression.java:53)
	at org.eclipse.core.internal.expressions.IterateExpression.evaluate(IterateExpression.java:189)
	at org.eclipse.core.internal.expressions.CompositeExpression.evaluateAnd(CompositeExpression.java:53)
	at org.eclipse.core.internal.expressions.WithExpression.evaluate(WithExpression.java:72)
	at org.eclipse.ui.internal.services.EvaluationResultCache.evaluate(EvaluationResultCache.java:74)
	at org.eclipse.ui.internal.services.ExpressionAuthority.evaluate(ExpressionAuthority.java:165)
	at org.eclipse.ui.internal.services.EvaluationAuthority.refsWithSameExpression(EvaluationAuthority.java:155)
	at org.eclipse.ui.internal.services.EvaluationAuthority.sourceChanged(EvaluationAuthority.java:129)
	at org.eclipse.ui.internal.services.ExpressionAuthority.sourceChanged(ExpressionAuthority.java:311)
	at org.eclipse.ui.internal.services.ExpressionAuthority.sourceChanged(ExpressionAuthority.java:302)
	at org.eclipse.ui.AbstractSourceProvider.fireSourceChanged(AbstractSourceProvider.java:80)
	at org.eclipse.ui.internal.services.WorkbenchSourceProvider.selectionChanged(WorkbenchSourceProvider.java:177)
	at org.eclipse.ui.internal.AbstractSelectionService.fireSelection(AbstractSelectionService.java:156)
	at org.eclipse.ui.internal.AbstractSelectionService$1.selectionChanged(AbstractSelectionService.java:62)
	at org.eclipse.jface.viewers.Viewer$2.run(Viewer.java:164)
	at org.eclipse.core.runtime.SafeRunner.run(SafeRunner.java:42)
	at org.eclipse.ui.internal.JFaceUtil$1.run(JFaceUtil.java:49)
	at org.eclipse.jface.util.SafeRunnable.run(SafeRunnable.java:175)
	at org.eclipse.jface.viewers.Viewer.fireSelectionChanged(Viewer.java:162)
	at org.eclipse.jface.viewers.StructuredViewer.updateSelection(StructuredViewer.java:2188)
	at org.eclipse.jface.viewers.StructuredViewer.handleSelect(StructuredViewer.java:1211)
	at org.eclipse.ui.navigator.CommonViewer.handleSelect(CommonViewer.java:478)
	at org.eclipse.jface.viewers.StructuredViewer$4.widgetSelected(StructuredViewer.java:1241)
	at org.eclipse.jface.util.OpenStrategy.fireSelectionEvent(OpenStrategy.java:239)
	at org.eclipse.jface.util.OpenStrategy.access$4(OpenStrategy.java:233)
	at org.eclipse.jface.util.OpenStrategy$1.handleEvent(OpenStrategy.java:403)
	at org.eclipse.swt.widgets.EventTable.sendEvent(EventTable.java:84)
	at org.eclipse.swt.widgets.Widget.sendEvent(Widget.java:1053)
	at org.eclipse.swt.widgets.Display.runDeferredEvents(Display.java:4169)
	at org.eclipse.swt.widgets.Display.readAndDispatch(Display.java:3758)
	at org.eclipse.ui.internal.Workbench.runEventLoop(Workbench.java:2701)
	at org.eclipse.ui.internal.Workbench.runUI(Workbench.java:2665)
	at org.eclipse.ui.internal.Workbench.access$4(Workbench.java:2499)
	at org.eclipse.ui.internal.Workbench$7.run(Workbench.java:679)
	at org.eclipse.core.databinding.observable.Realm.runWithDefault(Realm.java:332)
	at org.eclipse.ui.internal.Workbench.createAndRunWorkbench(Workbench.java:668)
	at org.eclipse.ui.PlatformUI.createAndRunWorkbench(PlatformUI.java:149)
	at org.eclipse.ui.internal.ide.application.IDEApplication.start(IDEApplication.java:124)
	at org.eclipse.equinox.internal.app.EclipseAppHandle.run(EclipseAppHandle.java:196)
	at org.eclipse.core.runtime.internal.adaptor.EclipseAppLauncher.runApplication(EclipseAppLauncher.java:110)
	at org.eclipse.core.runtime.internal.adaptor.EclipseAppLauncher.start(EclipseAppLauncher.java:79)
	at org.eclipse.core.runtime.adaptor.EclipseStarter.run(EclipseStarter.java:353)
	at org.eclipse.core.runtime.adaptor.EclipseStarter.run(EclipseStarter.java:180)
	at sun.reflect.NativeMethodAccessorImpl.invoke0(Native Method)
	at sun.reflect.NativeMethodAccessorImpl.invoke(NativeMethodAccessorImpl.java:57)
	at sun.reflect.DelegatingMethodAccessorImpl.invoke(DelegatingMethodAccessorImpl.java:43)
	at java.lang.reflect.Method.invoke(Method.java:606)
	at org.eclipse.equinox.launcher.Main.invokeFramework(Main.java:629)
	at org.eclipse.equinox.launcher.Main.basicRun(Main.java:584)
	at org.eclipse.equinox.launcher.Main.run(Main.java:1438)
00:23:08 ERROR : Unexpected error while obtaining referenced S/W project {}
org.eclipse.core.internal.resources.ResourceException: Resource '/standalone_bsp_2' is not open.
	at org.eclipse.core.internal.resources.Project.checkAccessible(Project.java:150)
	at org.eclipse.core.internal.resources.Project.hasNature(Project.java:584)
	at com.xilinx.sdk.sw.SwProjectUtils.getReferencedSwProject(SwProjectUtils.java:244)
	at com.xilinx.sdk.tools.internal.CProjectPropertyTester.test(CProjectPropertyTester.java:31)
	at org.eclipse.core.internal.expressions.Property.test(Property.java:58)
	at org.eclipse.core.internal.expressions.TestExpression.evaluate(TestExpression.java:99)
	at org.eclipse.core.internal.expressions.CompositeExpression.evaluateAnd(CompositeExpression.java:53)
	at org.eclipse.core.internal.expressions.IterateExpression.evaluate(IterateExpression.java:189)
	at org.eclipse.core.internal.expressions.CompositeExpression.evaluateAnd(CompositeExpression.java:53)
	at org.eclipse.core.internal.expressions.WithExpression.evaluate(WithExpression.java:72)
	at org.eclipse.ui.internal.services.EvaluationResultCache.evaluate(EvaluationResultCache.java:74)
	at org.eclipse.ui.internal.services.ExpressionAuthority.evaluate(ExpressionAuthority.java:165)
	at org.eclipse.ui.internal.services.EvaluationAuthority.refsWithSameExpression(EvaluationAuthority.java:155)
	at org.eclipse.ui.internal.services.EvaluationAuthority.sourceChanged(EvaluationAuthority.java:129)
	at org.eclipse.ui.internal.services.ExpressionAuthority.sourceChanged(ExpressionAuthority.java:311)
	at org.eclipse.ui.internal.services.ExpressionAuthority.sourceChanged(ExpressionAuthority.java:302)
	at org.eclipse.ui.AbstractSourceProvider.fireSourceChanged(AbstractSourceProvider.java:80)
	at org.eclipse.ui.internal.services.WorkbenchSourceProvider.selectionChanged(WorkbenchSourceProvider.java:177)
	at org.eclipse.ui.internal.AbstractSelectionService.fireSelection(AbstractSelectionService.java:156)
	at org.eclipse.ui.internal.AbstractSelectionService$1.selectionChanged(AbstractSelectionService.java:62)
	at org.eclipse.jface.viewers.Viewer$2.run(Viewer.java:164)
	at org.eclipse.core.runtime.SafeRunner.run(SafeRunner.java:42)
	at org.eclipse.ui.internal.JFaceUtil$1.run(JFaceUtil.java:49)
	at org.eclipse.jface.util.SafeRunnable.run(SafeRunnable.java:175)
	at org.eclipse.jface.viewers.Viewer.fireSelectionChanged(Viewer.java:162)
	at org.eclipse.jface.viewers.StructuredViewer.updateSelection(StructuredViewer.java:2188)
	at org.eclipse.jface.viewers.StructuredViewer.handleSelect(StructuredViewer.java:1211)
	at org.eclipse.ui.navigator.CommonViewer.handleSelect(CommonViewer.java:478)
	at org.eclipse.jface.viewers.StructuredViewer$4.widgetSelected(StructuredViewer.java:1241)
	at org.eclipse.jface.util.OpenStrategy.fireSelectionEvent(OpenStrategy.java:239)
	at org.eclipse.jface.util.OpenStrategy.access$4(OpenStrategy.java:233)
	at org.eclipse.jface.util.OpenStrategy$1.handleEvent(OpenStrategy.java:403)
	at org.eclipse.swt.widgets.EventTable.sendEvent(EventTable.java:84)
	at org.eclipse.swt.widgets.Widget.sendEvent(Widget.java:1053)
	at org.eclipse.swt.widgets.Display.runDeferredEvents(Display.java:4169)
	at org.eclipse.swt.widgets.Display.readAndDispatch(Display.java:3758)
	at org.eclipse.ui.internal.Workbench.runEventLoop(Workbench.java:2701)
	at org.eclipse.ui.internal.Workbench.runUI(Workbench.java:2665)
	at org.eclipse.ui.internal.Workbench.access$4(Workbench.java:2499)
	at org.eclipse.ui.internal.Workbench$7.run(Workbench.java:679)
	at org.eclipse.core.databinding.observable.Realm.runWithDefault(Realm.java:332)
	at org.eclipse.ui.internal.Workbench.createAndRunWorkbench(Workbench.java:668)
	at org.eclipse.ui.PlatformUI.createAndRunWorkbench(PlatformUI.java:149)
	at org.eclipse.ui.internal.ide.application.IDEApplication.start(IDEApplication.java:124)
	at org.eclipse.equinox.internal.app.EclipseAppHandle.run(EclipseAppHandle.java:196)
	at org.eclipse.core.runtime.internal.adaptor.EclipseAppLauncher.runApplication(EclipseAppLauncher.java:110)
	at org.eclipse.core.runtime.internal.adaptor.EclipseAppLauncher.start(EclipseAppLauncher.java:79)
	at org.eclipse.core.runtime.adaptor.EclipseStarter.run(EclipseStarter.java:353)
	at org.eclipse.core.runtime.adaptor.EclipseStarter.run(EclipseStarter.java:180)
	at sun.reflect.NativeMethodAccessorImpl.invoke0(Native Method)
	at sun.reflect.NativeMethodAccessorImpl.invoke(NativeMethodAccessorImpl.java:57)
	at sun.reflect.DelegatingMethodAccessorImpl.invoke(DelegatingMethodAccessorImpl.java:43)
	at java.lang.reflect.Method.invoke(Method.java:606)
	at org.eclipse.equinox.launcher.Main.invokeFramework(Main.java:629)
	at org.eclipse.equinox.launcher.Main.basicRun(Main.java:584)
	at org.eclipse.equinox.launcher.Main.run(Main.java:1438)
00:23:08 ERROR : Unexpected error while obtaining referenced S/W project {}
org.eclipse.core.internal.resources.ResourceException: Resource '/standalone_bsp_2' is not open.
	at org.eclipse.core.internal.resources.Project.checkAccessible(Project.java:150)
	at org.eclipse.core.internal.resources.Project.hasNature(Project.java:584)
	at com.xilinx.sdk.sw.SwProjectUtils.getReferencedSwProject(SwProjectUtils.java:244)
	at com.xilinx.sdk.tools.internal.CProjectPropertyTester.test(CProjectPropertyTester.java:31)
	at org.eclipse.core.internal.expressions.Property.test(Property.java:58)
	at org.eclipse.core.internal.expressions.TestExpression.evaluate(TestExpression.java:99)
	at org.eclipse.core.internal.expressions.CompositeExpression.evaluateAnd(CompositeExpression.java:53)
	at org.eclipse.core.internal.expressions.IterateExpression.evaluate(IterateExpression.java:189)
	at org.eclipse.core.internal.expressions.CompositeExpression.evaluateAnd(CompositeExpression.java:53)
	at org.eclipse.core.internal.expressions.WithExpression.evaluate(WithExpression.java:72)
	at org.eclipse.ui.internal.services.EvaluationResultCache.evaluate(EvaluationResultCache.java:74)
	at org.eclipse.ui.internal.services.ExpressionAuthority.evaluate(ExpressionAuthority.java:165)
	at org.eclipse.ui.internal.services.EvaluationAuthority.addEvaluationListener(EvaluationAuthority.java:79)
	at org.eclipse.ui.internal.services.EvaluationService.addEvaluationListener(EvaluationService.java:47)
	at org.eclipse.ui.internal.menus.WorkbenchMenuService.registerVisibleWhen(WorkbenchMenuService.java:884)
	at org.eclipse.ui.internal.menus.ContributionRoot.addContributionItem(ContributionRoot.java:60)
	at org.eclipse.ui.internal.menus.MenuAdditionCacheEntry.createContributionItems(MenuAdditionCacheEntry.java:188)
	at org.eclipse.ui.internal.menus.WorkbenchMenuService$5.run(WorkbenchMenuService.java:584)
	at org.eclipse.core.runtime.SafeRunner.run(SafeRunner.java:42)
	at org.eclipse.ui.internal.menus.WorkbenchMenuService.processAdditions(WorkbenchMenuService.java:656)
	at org.eclipse.ui.internal.menus.WorkbenchMenuService.addContributionsToManager(WorkbenchMenuService.java:765)
	at org.eclipse.ui.internal.menus.WorkbenchMenuService.populateContributionManager(WorkbenchMenuService.java:730)
	at org.eclipse.ui.internal.menus.SlaveMenuService.populateContributionManager(SlaveMenuService.java:203)
	at org.eclipse.ui.internal.menus.SlaveMenuService.populateContributionManager(SlaveMenuService.java:76)
	at org.eclipse.ui.internal.PopupMenuExtender.addMenuContributions(PopupMenuExtender.java:357)
	at org.eclipse.ui.internal.PopupMenuExtender.menuAboutToShow(PopupMenuExtender.java:335)
	at org.eclipse.jface.action.MenuManager.fireAboutToShow(MenuManager.java:342)
	at org.eclipse.jface.action.MenuManager.handleAboutToShow(MenuManager.java:473)
	at org.eclipse.jface.action.MenuManager.access$1(MenuManager.java:469)
	at org.eclipse.jface.action.MenuManager$2.menuShown(MenuManager.java:495)
	at org.eclipse.swt.widgets.TypedListener.handleEvent(TypedListener.java:255)
	at org.eclipse.swt.widgets.EventTable.sendEvent(EventTable.java:84)
	at org.eclipse.swt.widgets.Widget.sendEvent(Widget.java:1053)
	at org.eclipse.swt.widgets.Widget.sendEvent(Widget.java:1077)
	at org.eclipse.swt.widgets.Widget.sendEvent(Widget.java:1058)
	at org.eclipse.swt.widgets.Control.WM_INITMENUPOPUP(Control.java:4881)
	at org.eclipse.swt.widgets.Control.windowProc(Control.java:4557)
	at org.eclipse.swt.widgets.Canvas.windowProc(Canvas.java:341)
	at org.eclipse.swt.widgets.Decorations.windowProc(Decorations.java:1627)
	at org.eclipse.swt.widgets.Shell.windowProc(Shell.java:2069)
	at org.eclipse.swt.widgets.Display.windowProc(Display.java:4976)
	at org.eclipse.swt.internal.win32.OS.TrackPopupMenu(Native Method)
	at org.eclipse.swt.widgets.Menu._setVisible(Menu.java:257)
	at org.eclipse.swt.widgets.Display.runPopups(Display.java:4210)
	at org.eclipse.swt.widgets.Display.readAndDispatch(Display.java:3752)
	at org.eclipse.ui.internal.Workbench.runEventLoop(Workbench.java:2701)
	at org.eclipse.ui.internal.Workbench.runUI(Workbench.java:2665)
	at org.eclipse.ui.internal.Workbench.access$4(Workbench.java:2499)
	at org.eclipse.ui.internal.Workbench$7.run(Workbench.java:679)
	at org.eclipse.core.databinding.observable.Realm.runWithDefault(Realm.java:332)
	at org.eclipse.ui.internal.Workbench.createAndRunWorkbench(Workbench.java:668)
	at org.eclipse.ui.PlatformUI.createAndRunWorkbench(PlatformUI.java:149)
	at org.eclipse.ui.internal.ide.application.IDEApplication.start(IDEApplication.java:124)
	at org.eclipse.equinox.internal.app.EclipseAppHandle.run(EclipseAppHandle.java:196)
	at org.eclipse.core.runtime.internal.adaptor.EclipseAppLauncher.runApplication(EclipseAppLauncher.java:110)
	at org.eclipse.core.runtime.internal.adaptor.EclipseAppLauncher.start(EclipseAppLauncher.java:79)
	at org.eclipse.core.runtime.adaptor.EclipseStarter.run(EclipseStarter.java:353)
	at org.eclipse.core.runtime.adaptor.EclipseStarter.run(EclipseStarter.java:180)
	at sun.reflect.NativeMethodAccessorImpl.invoke0(Native Method)
	at sun.reflect.NativeMethodAccessorImpl.invoke(NativeMethodAccessorImpl.java:57)
	at sun.reflect.DelegatingMethodAccessorImpl.invoke(DelegatingMethodAccessorImpl.java:43)
	at java.lang.reflect.Method.invoke(Method.java:606)
	at org.eclipse.equinox.launcher.Main.invokeFramework(Main.java:629)
	at org.eclipse.equinox.launcher.Main.basicRun(Main.java:584)
	at org.eclipse.equinox.launcher.Main.run(Main.java:1438)
00:23:08 ERROR : Unexpected error while obtaining referenced S/W project {}
org.eclipse.core.internal.resources.ResourceException: Resource '/standalone_bsp_2' is not open.
	at org.eclipse.core.internal.resources.Project.checkAccessible(Project.java:150)
	at org.eclipse.core.internal.resources.Project.hasNature(Project.java:584)
	at com.xilinx.sdk.sw.SwProjectUtils.getReferencedSwProject(SwProjectUtils.java:244)
	at com.xilinx.sdk.tools.internal.CProjectPropertyTester.test(CProjectPropertyTester.java:31)
	at org.eclipse.core.internal.expressions.Property.test(Property.java:58)
	at org.eclipse.core.internal.expressions.TestExpression.evaluate(TestExpression.java:99)
	at org.eclipse.core.internal.expressions.CompositeExpression.evaluateAnd(CompositeExpression.java:53)
	at org.eclipse.core.internal.expressions.IterateExpression.evaluate(IterateExpression.java:189)
	at org.eclipse.core.internal.expressions.CompositeExpression.evaluateAnd(CompositeExpression.java:53)
	at org.eclipse.core.internal.expressions.WithExpression.evaluate(WithExpression.java:72)
	at org.eclipse.ui.internal.services.EvaluationResultCache.evaluate(EvaluationResultCache.java:74)
	at org.eclipse.ui.internal.services.ExpressionAuthority.evaluate(ExpressionAuthority.java:165)
	at org.eclipse.ui.internal.services.EvaluationAuthority.addEvaluationListener(EvaluationAuthority.java:79)
	at org.eclipse.ui.internal.services.EvaluationService.addEvaluationListener(EvaluationService.java:47)
	at org.eclipse.ui.internal.menus.WorkbenchMenuService.registerVisibleWhen(WorkbenchMenuService.java:884)
	at org.eclipse.ui.internal.menus.ContributionRoot.addContributionItem(ContributionRoot.java:60)
	at org.eclipse.ui.internal.menus.MenuAdditionCacheEntry.createContributionItems(MenuAdditionCacheEntry.java:188)
	at org.eclipse.ui.internal.menus.WorkbenchMenuService$5.run(WorkbenchMenuService.java:584)
	at org.eclipse.core.runtime.SafeRunner.run(SafeRunner.java:42)
	at org.eclipse.ui.internal.menus.WorkbenchMenuService.processAdditions(WorkbenchMenuService.java:656)
	at org.eclipse.ui.internal.menus.WorkbenchMenuService.addContributionsToManager(WorkbenchMenuService.java:765)
	at org.eclipse.ui.internal.menus.WorkbenchMenuService.populateContributionManager(WorkbenchMenuService.java:730)
	at org.eclipse.ui.internal.menus.SlaveMenuService.populateContributionManager(SlaveMenuService.java:203)
	at org.eclipse.ui.internal.menus.SlaveMenuService.populateContributionManager(SlaveMenuService.java:76)
	at org.eclipse.ui.internal.PopupMenuExtender.addMenuContributions(PopupMenuExtender.java:357)
	at org.eclipse.ui.internal.PopupMenuExtender.menuAboutToShow(PopupMenuExtender.java:335)
	at org.eclipse.jface.action.MenuManager.fireAboutToShow(MenuManager.java:342)
	at org.eclipse.jface.action.MenuManager.handleAboutToShow(MenuManager.java:473)
	at org.eclipse.jface.action.MenuManager.access$1(MenuManager.java:469)
	at org.eclipse.jface.action.MenuManager$2.menuShown(MenuManager.java:495)
	at org.eclipse.swt.widgets.TypedListener.handleEvent(TypedListener.java:255)
	at org.eclipse.swt.widgets.EventTable.sendEvent(EventTable.java:84)
	at org.eclipse.swt.widgets.Widget.sendEvent(Widget.java:1053)
	at org.eclipse.swt.widgets.Widget.sendEvent(Widget.java:1077)
	at org.eclipse.swt.widgets.Widget.sendEvent(Widget.java:1058)
	at org.eclipse.swt.widgets.Control.WM_INITMENUPOPUP(Control.java:4881)
	at org.eclipse.swt.widgets.Control.windowProc(Control.java:4557)
	at org.eclipse.swt.widgets.Canvas.windowProc(Canvas.java:341)
	at org.eclipse.swt.widgets.Decorations.windowProc(Decorations.java:1627)
	at org.eclipse.swt.widgets.Shell.windowProc(Shell.java:2069)
	at org.eclipse.swt.widgets.Display.windowProc(Display.java:4976)
	at org.eclipse.swt.internal.win32.OS.TrackPopupMenu(Native Method)
	at org.eclipse.swt.widgets.Menu._setVisible(Menu.java:257)
	at org.eclipse.swt.widgets.Display.runPopups(Display.java:4210)
	at org.eclipse.swt.widgets.Display.readAndDispatch(Display.java:3752)
	at org.eclipse.ui.internal.Workbench.runEventLoop(Workbench.java:2701)
	at org.eclipse.ui.internal.Workbench.runUI(Workbench.java:2665)
	at org.eclipse.ui.internal.Workbench.access$4(Workbench.java:2499)
	at org.eclipse.ui.internal.Workbench$7.run(Workbench.java:679)
	at org.eclipse.core.databinding.observable.Realm.runWithDefault(Realm.java:332)
	at org.eclipse.ui.internal.Workbench.createAndRunWorkbench(Workbench.java:668)
	at org.eclipse.ui.PlatformUI.createAndRunWorkbench(PlatformUI.java:149)
	at org.eclipse.ui.internal.ide.application.IDEApplication.start(IDEApplication.java:124)
	at org.eclipse.equinox.internal.app.EclipseAppHandle.run(EclipseAppHandle.java:196)
	at org.eclipse.core.runtime.internal.adaptor.EclipseAppLauncher.runApplication(EclipseAppLauncher.java:110)
	at org.eclipse.core.runtime.internal.adaptor.EclipseAppLauncher.start(EclipseAppLauncher.java:79)
	at org.eclipse.core.runtime.adaptor.EclipseStarter.run(EclipseStarter.java:353)
	at org.eclipse.core.runtime.adaptor.EclipseStarter.run(EclipseStarter.java:180)
	at sun.reflect.NativeMethodAccessorImpl.invoke0(Native Method)
	at sun.reflect.NativeMethodAccessorImpl.invoke(NativeMethodAccessorImpl.java:57)
	at sun.reflect.DelegatingMethodAccessorImpl.invoke(DelegatingMethodAccessorImpl.java:43)
	at java.lang.reflect.Method.invoke(Method.java:606)
	at org.eclipse.equinox.launcher.Main.invokeFramework(Main.java:629)
	at org.eclipse.equinox.launcher.Main.basicRun(Main.java:584)
	at org.eclipse.equinox.launcher.Main.run(Main.java:1438)
00:24:18 ERROR : Unexpected error while parsing XMD response 19: com.google.gson.JsonSyntaxException: com.google.gson.stream.MalformedJsonException: invalid number or unquoted string near 
00:24:32 INFO  : Processing command line option -hwspec D:/study/embled/lab3/lab3.sdk/system_wrapper.hdf.
00:28:11 INFO  : FPGA configured successfully with bitstream "D:/study/embled/lab3/lab3.sdk/system_wrapper_hw_platform_3/system_wrapper.bit"
00:28:35 INFO  : ps7_init is completed.
00:28:35 INFO  : ps7_post_config is completed.
00:28:35 INFO  : Processor reset is completed for ps7_cortexa9_0
00:31:20 INFO  : Processor reset is completed for ps7_cortexa9_0
00:33:35 INFO  : Processor reset is completed for ps7_cortexa9_0
00:34:22 INFO  : Processor reset is completed for ps7_cortexa9_0
00:35:24 INFO  : Processor reset is completed for ps7_cortexa9_0
00:37:30 INFO  : FPGA configured successfully with bitstream "D:/study/embled/lab3/lab3.sdk/system_wrapper_hw_platform_3/system_wrapper.bit"
00:39:53 ERROR : Unexpected error while parsing XMD response 19: com.google.gson.JsonSyntaxException: com.google.gson.stream.MalformedJsonException: invalid number or unquoted string near 
00:43:59 INFO  : Processing command line option -hwspec D:/study/embled/lab3/lab3.sdk/system_wrapper.hdf.
00:44:11 INFO  : Checking for hwspec changes in the project system_wrapper_hw_platform_3.
00:47:48 INFO  : FPGA configured successfully with bitstream "D:/study/embled/lab3/lab3.sdk/system_wrapper_hw_platform_3/system_wrapper.bit"
00:49:10 INFO  : ps7_init is completed.
00:49:10 INFO  : ps7_post_config is completed.
00:49:10 INFO  : Processor reset is completed for ps7_cortexa9_0
00:50:03 INFO  : Processor reset is completed for ps7_cortexa9_0
00:50:50 INFO  : Processor reset is completed for ps7_cortexa9_0
00:51:29 INFO  : Processor reset is completed for ps7_cortexa9_0
00:54:14 ERROR : Unexpected error while parsing XMD response 19: com.google.gson.JsonSyntaxException: com.google.gson.stream.MalformedJsonException: invalid number or unquoted string near 
20:38:28 INFO  : Processing command line option -hwspec D:/study/embled/lab3/lab3.sdk/system_wrapper.hdf.
20:38:31 INFO  : Checking for hwspec changes in the project system_wrapper_hw_platform_3.
