20:59:24 INFO  : Processing command line option -hwspec D:/study/embled/project_1/project_1.sdk/design_1_wrapper.hdf.
21:04:22 ERROR : Unexpected error while launching program.
java.lang.RuntimeException: Error while running ps7_init method.
Cannot Read from target


    MMU section translation fault

	at com.xilinx.sdk.targetmanager.internal.TM.run_ps7_init(TM.java:1230)
	at com.xilinx.sdk.debug.core.XilinxAppLaunchConfigurationDelegate.runTargetSetup(XilinxAppLaunchConfigurationDelegate.java:411)
	at com.xilinx.sdk.debug.core.XilinxAppLaunchConfigurationDelegate.runApplication(XilinxAppLaunchConfigurationDelegate.java:513)
	at com.xilinx.sdk.debug.core.XilinxAppLaunchConfigurationDelegate.launch(XilinxAppLaunchConfigurationDelegate.java:252)
	at com.xilinx.sdk.debug.ui.XilinxAppLaunchDelegateWrapper.launch(XilinxAppLaunchDelegateWrapper.java:31)
	at org.eclipse.debug.internal.core.LaunchConfiguration.launch(LaunchConfiguration.java:855)
	at org.eclipse.debug.internal.core.LaunchConfiguration.launch(LaunchConfiguration.java:704)
	at org.eclipse.debug.internal.ui.DebugUIPlugin.buildAndLaunch(DebugUIPlugin.java:1047)
	at org.eclipse.debug.internal.ui.DebugUIPlugin$8.run(DebugUIPlugin.java:1251)
	at org.eclipse.core.internal.jobs.Worker.run(Worker.java:54)
21:04:46 INFO  : ps7_init is completed.
21:04:47 INFO  : Processor reset is completed for ps7_cortexa9_0
21:08:29 ERROR : Unexpected error while launching program.
java.lang.RuntimeException: Error while running ps7_init method.
Cannot Read from target


    MMU section translation fault

	at com.xilinx.sdk.targetmanager.internal.TM.run_ps7_init(TM.java:1230)
	at com.xilinx.sdk.debug.core.XilinxAppLaunchConfigurationDelegate.runTargetSetup(XilinxAppLaunchConfigurationDelegate.java:411)
	at com.xilinx.sdk.debug.core.XilinxAppLaunchConfigurationDelegate.runApplication(XilinxAppLaunchConfigurationDelegate.java:513)
	at com.xilinx.sdk.debug.core.XilinxAppLaunchConfigurationDelegate.launch(XilinxAppLaunchConfigurationDelegate.java:252)
	at com.xilinx.sdk.debug.ui.XilinxAppLaunchDelegateWrapper.launch(XilinxAppLaunchDelegateWrapper.java:31)
	at org.eclipse.debug.internal.core.LaunchConfiguration.launch(LaunchConfiguration.java:855)
	at org.eclipse.debug.internal.core.LaunchConfiguration.launch(LaunchConfiguration.java:704)
	at org.eclipse.debug.internal.ui.DebugUIPlugin.buildAndLaunch(DebugUIPlugin.java:1047)
	at org.eclipse.debug.internal.ui.DebugUIPlugin$8.run(DebugUIPlugin.java:1251)
	at org.eclipse.core.internal.jobs.Worker.run(Worker.java:54)
21:09:21 INFO  : ps7_init is completed.
21:09:21 INFO  : Processor reset is completed for ps7_cortexa9_0
21:14:42 ERROR : Unexpected error while launching program.
java.lang.RuntimeException: Error while running ps7_init method.
Cannot Read from target


    MMU section translation fault

	at com.xilinx.sdk.targetmanager.internal.TM.run_ps7_init(TM.java:1230)
	at com.xilinx.sdk.debug.core.XilinxAppLaunchConfigurationDelegate.runTargetSetup(XilinxAppLaunchConfigurationDelegate.java:411)
	at com.xilinx.sdk.debug.core.XilinxAppLaunchConfigurationDelegate.runApplication(XilinxAppLaunchConfigurationDelegate.java:513)
	at com.xilinx.sdk.debug.core.XilinxAppLaunchConfigurationDelegate.launch(XilinxAppLaunchConfigurationDelegate.java:252)
	at com.xilinx.sdk.debug.ui.XilinxAppLaunchDelegateWrapper.launch(XilinxAppLaunchDelegateWrapper.java:31)
	at org.eclipse.debug.internal.core.LaunchConfiguration.launch(LaunchConfiguration.java:855)
	at org.eclipse.debug.internal.core.LaunchConfiguration.launch(LaunchConfiguration.java:704)
	at org.eclipse.debug.internal.ui.DebugUIPlugin.buildAndLaunch(DebugUIPlugin.java:1047)
	at org.eclipse.debug.internal.ui.DebugUIPlugin$8.run(DebugUIPlugin.java:1251)
	at org.eclipse.core.internal.jobs.Worker.run(Worker.java:54)
21:15:11 INFO  : ps7_init is completed.
21:15:11 INFO  : Processor reset is completed for ps7_cortexa9_0
21:17:26 INFO  : ps7_cortexa9_0 Processor is in use. Please stop existing Run or Debug sessions before launching.
21:17:33 INFO  : Processor reset is completed for ps7_cortexa9_0
21:18:02 INFO  : ps7_cortexa9_0 Processor is in use. Please stop existing Run or Debug sessions before launching.
21:18:04 ERROR : Unexpected error while launching program.
java.lang.RuntimeException: Error in Resetting Target

    Could not stop the processor after reset


	at com.xilinx.sdk.targetmanager.internal.TM.doProcessorReset(TM.java:1153)
	at com.xilinx.sdk.debug.core.XilinxAppLaunchConfigurationDelegate.runTargetSetup(XilinxAppLaunchConfigurationDelegate.java:431)
	at com.xilinx.sdk.debug.core.XilinxAppLaunchConfigurationDelegate.runApplication(XilinxAppLaunchConfigurationDelegate.java:513)
	at com.xilinx.sdk.debug.core.XilinxAppLaunchConfigurationDelegate.launch(XilinxAppLaunchConfigurationDelegate.java:252)
	at com.xilinx.sdk.debug.ui.XilinxAppLaunchDelegateWrapper.launch(XilinxAppLaunchDelegateWrapper.java:31)
	at org.eclipse.debug.internal.core.LaunchConfiguration.launch(LaunchConfiguration.java:855)
	at org.eclipse.debug.internal.core.LaunchConfiguration.launch(LaunchConfiguration.java:704)
	at org.eclipse.debug.internal.ui.DebugUIPlugin.buildAndLaunch(DebugUIPlugin.java:1047)
	at org.eclipse.debug.internal.ui.DebugUIPlugin$8.run(DebugUIPlugin.java:1251)
	at org.eclipse.core.internal.jobs.Worker.run(Worker.java:54)
21:19:15 ERROR : Unexpected error while parsing XMD response ?: com.google.gson.JsonSyntaxException: com.google.gson.stream.MalformedJsonException: invalid number or unquoted string near 
21:19:32 INFO  : Processing command line option -hwspec D:/study/embled/project_1/project_1.sdk/design_1_wrapper.hdf.
21:19:33 INFO  : Checking for hwspec changes in the project design_1_wrapper_hw_platform_0.
21:20:40 ERROR : Unexpected error while launching program.
java.lang.RuntimeException: Error while running ps7_init method.
Cannot Read from target


    MMU section translation fault

	at com.xilinx.sdk.targetmanager.internal.TM.run_ps7_init(TM.java:1230)
	at com.xilinx.sdk.debug.core.XilinxAppLaunchConfigurationDelegate.runTargetSetup(XilinxAppLaunchConfigurationDelegate.java:411)
	at com.xilinx.sdk.debug.core.XilinxAppLaunchConfigurationDelegate.runApplication(XilinxAppLaunchConfigurationDelegate.java:513)
	at com.xilinx.sdk.debug.core.XilinxAppLaunchConfigurationDelegate.launch(XilinxAppLaunchConfigurationDelegate.java:252)
	at com.xilinx.sdk.debug.ui.XilinxAppLaunchDelegateWrapper.launch(XilinxAppLaunchDelegateWrapper.java:31)
	at org.eclipse.debug.internal.core.LaunchConfiguration.launch(LaunchConfiguration.java:855)
	at org.eclipse.debug.internal.core.LaunchConfiguration.launch(LaunchConfiguration.java:704)
	at org.eclipse.debug.internal.ui.DebugUIPlugin.buildAndLaunch(DebugUIPlugin.java:1047)
	at org.eclipse.debug.internal.ui.DebugUIPlugin$8.run(DebugUIPlugin.java:1251)
	at org.eclipse.core.internal.jobs.Worker.run(Worker.java:54)
21:23:20 ERROR : Unexpected error while parsing XMD response ?: com.google.gson.JsonSyntaxException: com.google.gson.stream.MalformedJsonException: invalid number or unquoted string near 
21:41:10 INFO  : Processing command line option -hwspec D:/study/embled/project_1/project_1.sdk/design_1_wrapper.hdf.
21:41:10 INFO  : Checking for hwspec changes in the project design_1_wrapper_hw_platform_0.
21:45:21 INFO  : Processing command line option -hwspec D:/study/embled/project_1/project_1.sdk/design_1_wrapper.hdf.
21:45:28 INFO  : Checking for hwspec changes in the project design_1_wrapper_hw_platform_0.
21:47:22 INFO  : Processing command line option -hwspec D:/study/embled/project_1/project_1.sdk/design_1_wrapper.hdf.
21:47:23 INFO  : Checking for hwspec changes in the project design_1_wrapper_hw_platform_0.
21:55:36 INFO  : Processing command line option -hwspec D:/study/embled/project_1/project_1.sdk/design_1_wrapper.hdf.
21:55:37 INFO  : Checking for hwspec changes in the project design_1_wrapper_hw_platform_0.
10:10:13 INFO  : Processing command line option -hwspec D:/study/embled/project_boss/project_1.sdk/design_1_wrapper.hdf.
11:34:09 INFO  : Processing command line option -hwspec D:/study/embled/project_boss2/project_2/project_2.sdk/design_1_wrapper.hdf.
11:34:24 WARN  :  [Hsm 55-1559] Software Design already exists with Name D:\study\embled\project_1\project_1.sdk\mem_test_bsp\system.mss
11:34:24 WARN  :  [Hsm 55-1559] Software Design already exists with Name D:\study\embled\project_1\project_1.sdk\mem_test_bsp\system.mss
11:34:31 WARN  :  [Hsm 55-1559] Software Design already exists with Name D:\study\embled\project_1\project_1.sdk\mem_test_bsp\system.mss
11:34:31 WARN  :  [Hsm 55-1559] Software Design already exists with Name D:\study\embled\project_1\project_1.sdk\mem_test_bsp\system.mss
11:34:31 WARN  :  [Hsm 55-1559] Software Design already exists with Name D:\study\embled\project_1\project_1.sdk\mem_test_bsp\system.mss
11:34:34 WARN  :  [Hsm 55-1559] Software Design already exists with Name D:\study\embled\project_1\project_1.sdk\mem_test_bsp\system.mss
11:34:34 WARN  :  [Hsm 55-1559] Software Design already exists with Name D:\study\embled\project_1\project_1.sdk\mem_test_bsp\system.mss
11:34:34 WARN  :  [Hsm 55-1559] Software Design already exists with Name D:\study\embled\project_1\project_1.sdk\mem_test_bsp\system.mss
11:34:39 WARN  :  [Hsm 55-1559] Software Design already exists with Name D:\study\embled\project_1\project_1.sdk\mem_test_bsp\system.mss
11:34:39 WARN  :  [Hsm 55-1559] Software Design already exists with Name D:\study\embled\project_1\project_1.sdk\mem_test_bsp\system.mss
11:34:39 WARN  :  [Hsm 55-1559] Software Design already exists with Name D:\study\embled\project_1\project_1.sdk\mem_test_bsp\system.mss
16:00:55 INFO  : Processing command line option -hwspec D:/study/embled/project_boss2/project_2/project_2.sdk/design_1_wrapper.hdf.
16:00:57 INFO  : Checking for hwspec changes in the project design_1_wrapper_hw_platform_2.
16:01:38 WARN  :  [Hsm 55-1559] Software Design already exists with Name D:\study\embled\project_1\project_1.sdk\mem_test_bsp\system.mss
16:01:38 WARN  :  [Hsm 55-1559] Software Design already exists with Name D:\study\embled\project_1\project_1.sdk\mem_test_bsp\system.mss
16:16:29 INFO  : Processing command line option -hwspec D:/study/embled/project_boss2/project_2/project_2.sdk/design_1_wrapper.hdf.
16:16:30 INFO  : Checking for hwspec changes in the project design_1_wrapper_hw_platform_2.
16:30:05 INFO  : Processing command line option -hwspec D:/study/embled/project_boss2/project_2/project_2.sdk/design_1_wrapper.hdf.
16:30:06 INFO  : Checking for hwspec changes in the project design_1_wrapper_hw_platform_2.
16:31:32 INFO  : Project standalone_bsp_0 was a BSP project. Please update references.
16:31:32 ERROR : SDK has detected that project standalone_bsp_0 has been deleted (or renamed).
If this project was a BSP referenced by other C/C++ applications, then those applications will fail to build now. Please right click on those applications and click 'Change Referenced BSP' to update those projects' BSP references.
16:33:12 INFO  : Refreshed build settings on project TestApp
16:35:42 INFO  : Project standalone_bsp_0 was a BSP project. Please update references.
16:35:42 ERROR : SDK has detected that project standalone_bsp_0 has been deleted (or renamed).
If this project was a BSP referenced by other C/C++ applications, then those applications will fail to build now. Please right click on those applications and click 'Change Referenced BSP' to update those projects' BSP references.
16:35:58 INFO  : Refreshed build settings on project TestApp
16:38:07 INFO  : Processing command line option -hwspec D:/study/embled/project_boss2/project_2/project_2.sdk/design_1_wrapper.hdf.
16:51:45 INFO  : FPGA configured successfully with bitstream "D:/study/embled/project_boss2/project_2/project_2.sdk/design_1_wrapper_hw_platform_3/design_1_wrapper.bit"
16:55:01 INFO  : FPGA configured successfully with bitstream "D:/study/embled/project_boss2/project_2/project_2.sdk/design_1_wrapper_hw_platform_3/design_1_wrapper.bit"
16:55:14 ERROR : Unexpected error while launching program.
java.lang.RuntimeException: Error while running ps7_init method.
Cannot write to target


    Access aborted (DSCR=0x03186083)
    Error Address = 0xe0001034


	at com.xilinx.sdk.targetmanager.internal.TM.run_ps7_init(TM.java:1230)
	at com.xilinx.sdk.debug.core.XilinxAppLaunchConfigurationDelegate.runTargetSetup(XilinxAppLaunchConfigurationDelegate.java:411)
	at com.xilinx.sdk.debug.core.XilinxAppLaunchConfigurationDelegate.runApplication(XilinxAppLaunchConfigurationDelegate.java:513)
	at com.xilinx.sdk.debug.core.XilinxAppLaunchConfigurationDelegate.launch(XilinxAppLaunchConfigurationDelegate.java:252)
	at com.xilinx.sdk.debug.ui.XilinxAppLaunchDelegateWrapper.launch(XilinxAppLaunchDelegateWrapper.java:31)
	at org.eclipse.debug.internal.core.LaunchConfiguration.launch(LaunchConfiguration.java:855)
	at org.eclipse.debug.internal.core.LaunchConfiguration.launch(LaunchConfiguration.java:704)
	at org.eclipse.debug.internal.ui.DebugUIPlugin.buildAndLaunch(DebugUIPlugin.java:1047)
	at org.eclipse.debug.internal.ui.DebugUIPlugin$8.run(DebugUIPlugin.java:1251)
	at org.eclipse.core.internal.jobs.Worker.run(Worker.java:54)
17:00:55 ERROR : Unexpected error while launching program.
java.lang.RuntimeException: Error while running ps7_init method.
Cannot write to target


    Access aborted (DSCR=0x03186083)
    Error Address = 0xe0001034


	at com.xilinx.sdk.targetmanager.internal.TM.run_ps7_init(TM.java:1230)
	at com.xilinx.sdk.debug.core.XilinxAppLaunchConfigurationDelegate.runTargetSetup(XilinxAppLaunchConfigurationDelegate.java:411)
	at com.xilinx.sdk.debug.core.XilinxAppLaunchConfigurationDelegate.runApplication(XilinxAppLaunchConfigurationDelegate.java:513)
	at com.xilinx.sdk.debug.core.XilinxAppLaunchConfigurationDelegate.launch(XilinxAppLaunchConfigurationDelegate.java:252)
	at com.xilinx.sdk.debug.ui.XilinxAppLaunchDelegateWrapper.launch(XilinxAppLaunchDelegateWrapper.java:31)
	at org.eclipse.debug.internal.core.LaunchConfiguration.launch(LaunchConfiguration.java:855)
	at org.eclipse.debug.internal.core.LaunchConfiguration.launch(LaunchConfiguration.java:704)
	at org.eclipse.debug.internal.ui.DebugUIPlugin.buildAndLaunch(DebugUIPlugin.java:1047)
	at org.eclipse.debug.internal.ui.DebugUIPlugin$8.run(DebugUIPlugin.java:1251)
	at org.eclipse.core.internal.jobs.Worker.run(Worker.java:54)
17:01:31 ERROR : Unexpected error while launching program.
java.lang.RuntimeException: Error while running ps7_init method.
Cannot write to target


    AP transaction timeout: ACK = 0x01, expected=0x02)
    Error Address = 0xe0001034


	at com.xilinx.sdk.targetmanager.internal.TM.run_ps7_init(TM.java:1230)
	at com.xilinx.sdk.debug.core.XilinxAppLaunchConfigurationDelegate.runTargetSetup(XilinxAppLaunchConfigurationDelegate.java:411)
	at com.xilinx.sdk.debug.core.XilinxAppLaunchConfigurationDelegate.runApplication(XilinxAppLaunchConfigurationDelegate.java:513)
	at com.xilinx.sdk.debug.core.XilinxAppLaunchConfigurationDelegate.launch(XilinxAppLaunchConfigurationDelegate.java:252)
	at com.xilinx.sdk.debug.ui.XilinxAppLaunchDelegateWrapper.launch(XilinxAppLaunchDelegateWrapper.java:31)
	at org.eclipse.debug.internal.core.LaunchConfiguration.launch(LaunchConfiguration.java:855)
	at org.eclipse.debug.internal.core.LaunchConfiguration.launch(LaunchConfiguration.java:704)
	at org.eclipse.debug.internal.ui.DebugUIPlugin.buildAndLaunch(DebugUIPlugin.java:1047)
	at org.eclipse.debug.internal.ui.DebugUIPlugin$8.run(DebugUIPlugin.java:1251)
	at org.eclipse.core.internal.jobs.Worker.run(Worker.java:54)
17:01:52 ERROR : Unexpected error while launching program.
com.xilinx.sdk.targetmanager.TMException: 
    Cannot flush JTAG buffers

	at com.xilinx.sdk.targetmanager.internal.TM.connectToProcessor(TM.java:562)
	at com.xilinx.sdk.debug.core.XilinxAppLaunchConfigurationDelegate.runTargetSetup(XilinxAppLaunchConfigurationDelegate.java:400)
	at com.xilinx.sdk.debug.core.XilinxAppLaunchConfigurationDelegate.runApplication(XilinxAppLaunchConfigurationDelegate.java:513)
	at com.xilinx.sdk.debug.core.XilinxAppLaunchConfigurationDelegate.launch(XilinxAppLaunchConfigurationDelegate.java:252)
	at com.xilinx.sdk.debug.ui.XilinxAppLaunchDelegateWrapper.launch(XilinxAppLaunchDelegateWrapper.java:31)
	at org.eclipse.debug.internal.core.LaunchConfiguration.launch(LaunchConfiguration.java:855)
	at org.eclipse.debug.internal.core.LaunchConfiguration.launch(LaunchConfiguration.java:704)
	at org.eclipse.debug.internal.ui.DebugUIPlugin.buildAndLaunch(DebugUIPlugin.java:1047)
	at org.eclipse.debug.internal.ui.DebugUIPlugin$8.run(DebugUIPlugin.java:1251)
	at org.eclipse.core.internal.jobs.Worker.run(Worker.java:54)
17:02:52 ERROR : Checking FPGA configuration failed..Connection to Board Failed


    Unknown Error Occured
    Cable is not powered-on

17:02:52 ERROR : Unexpected error while launching program.
com.xilinx.sdk.targetmanager.TMException: Connection to Board Failed


    Unknown Error Occured
    Cable is not powered-on

	at com.xilinx.sdk.targetmanager.internal.TM.isFPGAConfigured(TM.java:386)
	at com.xilinx.sdk.debug.core.XilinxAppLaunchConfigurationDelegate.isFpgaConfigured(XilinxAppLaunchConfigurationDelegate.java:297)
	at com.xilinx.sdk.debug.core.XilinxAppLaunchConfigurationDelegate.launch(XilinxAppLaunchConfigurationDelegate.java:245)
	at com.xilinx.sdk.debug.ui.XilinxAppLaunchDelegateWrapper.launch(XilinxAppLaunchDelegateWrapper.java:31)
	at org.eclipse.debug.internal.core.LaunchConfiguration.launch(LaunchConfiguration.java:855)
	at org.eclipse.debug.internal.core.LaunchConfiguration.launch(LaunchConfiguration.java:704)
	at org.eclipse.debug.internal.ui.DebugUIPlugin.buildAndLaunch(DebugUIPlugin.java:1047)
	at org.eclipse.debug.internal.ui.DebugUIPlugin$8.run(DebugUIPlugin.java:1251)
	at org.eclipse.core.internal.jobs.Worker.run(Worker.java:54)
17:04:19 ERROR : Checking FPGA configuration failed..Connection to Board Failed


    Unknown Error Occured
    Cable is not powered-on

17:04:19 ERROR : Unexpected error while launching program.
com.xilinx.sdk.targetmanager.TMException: Connection to Board Failed


    Unknown Error Occured
    Cable is not powered-on

	at com.xilinx.sdk.targetmanager.internal.TM.isFPGAConfigured(TM.java:386)
	at com.xilinx.sdk.debug.core.XilinxAppLaunchConfigurationDelegate.isFpgaConfigured(XilinxAppLaunchConfigurationDelegate.java:297)
	at com.xilinx.sdk.debug.core.XilinxAppLaunchConfigurationDelegate.launch(XilinxAppLaunchConfigurationDelegate.java:245)
	at com.xilinx.sdk.debug.ui.XilinxAppLaunchDelegateWrapper.launch(XilinxAppLaunchDelegateWrapper.java:31)
	at org.eclipse.debug.internal.core.LaunchConfiguration.launch(LaunchConfiguration.java:855)
	at org.eclipse.debug.internal.core.LaunchConfiguration.launch(LaunchConfiguration.java:704)
	at org.eclipse.debug.internal.ui.DebugUIPlugin.buildAndLaunch(DebugUIPlugin.java:1047)
	at org.eclipse.debug.internal.ui.DebugUIPlugin$8.run(DebugUIPlugin.java:1251)
	at org.eclipse.core.internal.jobs.Worker.run(Worker.java:54)
17:04:35 ERROR : Checking FPGA configuration failed..Connection to Board Failed


    Unknown Error Occured
    Cable is not powered-on

17:04:35 ERROR : Unexpected error while launching program.
com.xilinx.sdk.targetmanager.TMException: Connection to Board Failed


    Unknown Error Occured
    Cable is not powered-on

	at com.xilinx.sdk.targetmanager.internal.TM.isFPGAConfigured(TM.java:386)
	at com.xilinx.sdk.debug.core.XilinxAppLaunchConfigurationDelegate.isFpgaConfigured(XilinxAppLaunchConfigurationDelegate.java:297)
	at com.xilinx.sdk.debug.core.XilinxAppLaunchConfigurationDelegate.launch(XilinxAppLaunchConfigurationDelegate.java:245)
	at com.xilinx.sdk.debug.ui.XilinxAppLaunchDelegateWrapper.launch(XilinxAppLaunchDelegateWrapper.java:31)
	at org.eclipse.debug.internal.core.LaunchConfiguration.launch(LaunchConfiguration.java:855)
	at org.eclipse.debug.internal.core.LaunchConfiguration.launch(LaunchConfiguration.java:704)
	at org.eclipse.debug.internal.ui.DebugUIPlugin.buildAndLaunch(DebugUIPlugin.java:1047)
	at org.eclipse.debug.internal.ui.DebugUIPlugin$8.run(DebugUIPlugin.java:1251)
	at org.eclipse.core.internal.jobs.Worker.run(Worker.java:54)
17:05:43 INFO  : ps7_init is completed.
17:05:43 INFO  : ps7_post_config is completed.
17:05:43 INFO  : Processor reset is completed for ps7_cortexa9_0
17:06:00 INFO  : ps7_cortexa9_0 Processor is in use. Please stop existing Run or Debug sessions before launching.
17:06:09 ERROR : Unexpected error while launching program.
java.lang.RuntimeException: Error in Resetting Target

    Could not stop the processor after reset


	at com.xilinx.sdk.targetmanager.internal.TM.doProcessorReset(TM.java:1153)
	at com.xilinx.sdk.debug.core.XilinxAppLaunchConfigurationDelegate.runTargetSetup(XilinxAppLaunchConfigurationDelegate.java:431)
	at com.xilinx.sdk.debug.core.XilinxAppLaunchConfigurationDelegate.runApplication(XilinxAppLaunchConfigurationDelegate.java:513)
	at com.xilinx.sdk.debug.core.XilinxAppLaunchConfigurationDelegate.launch(XilinxAppLaunchConfigurationDelegate.java:252)
	at com.xilinx.sdk.debug.ui.XilinxAppLaunchDelegateWrapper.launch(XilinxAppLaunchDelegateWrapper.java:31)
	at org.eclipse.debug.internal.core.LaunchConfiguration.launch(LaunchConfiguration.java:855)
	at org.eclipse.debug.internal.core.LaunchConfiguration.launch(LaunchConfiguration.java:704)
	at org.eclipse.debug.internal.ui.DebugUIPlugin.buildAndLaunch(DebugUIPlugin.java:1047)
	at org.eclipse.debug.internal.ui.DebugUIPlugin$8.run(DebugUIPlugin.java:1251)
	at org.eclipse.core.internal.jobs.Worker.run(Worker.java:54)
17:07:37 ERROR : Unexpected error while parsing XMD response 19: com.google.gson.JsonSyntaxException: com.google.gson.stream.MalformedJsonException: invalid number or unquoted string near 
17:08:01 INFO  : Processing command line option -hwspec D:/study/embled/project_boss2/project_2/project_2.sdk/design_1_wrapper.hdf.
17:08:02 INFO  : Checking for hwspec changes in the project design_1_wrapper_hw_platform_3.
17:08:41 INFO  : FPGA configured successfully with bitstream "D:/study/embled/project_boss2/project_2/project_2.sdk/design_1_wrapper_hw_platform_3/design_1_wrapper.bit"
17:09:16 ERROR : Unexpected error while launching program.
java.lang.RuntimeException: Error while running ps7_init method.
Cannot write to target


    AP transaction timeout: ACK = 0x01, expected=0x02)
    Error Address = 0xe0001034


	at com.xilinx.sdk.targetmanager.internal.TM.run_ps7_init(TM.java:1230)
	at com.xilinx.sdk.debug.core.XilinxAppLaunchConfigurationDelegate.runTargetSetup(XilinxAppLaunchConfigurationDelegate.java:411)
	at com.xilinx.sdk.debug.core.XilinxAppLaunchConfigurationDelegate.runApplication(XilinxAppLaunchConfigurationDelegate.java:513)
	at com.xilinx.sdk.debug.core.XilinxAppLaunchConfigurationDelegate.launch(XilinxAppLaunchConfigurationDelegate.java:252)
	at com.xilinx.sdk.debug.ui.XilinxAppLaunchDelegateWrapper.launch(XilinxAppLaunchDelegateWrapper.java:31)
	at org.eclipse.debug.internal.core.LaunchConfiguration.launch(LaunchConfiguration.java:855)
	at org.eclipse.debug.internal.core.LaunchConfiguration.launch(LaunchConfiguration.java:704)
	at org.eclipse.debug.internal.ui.DebugUIPlugin.buildAndLaunch(DebugUIPlugin.java:1047)
	at org.eclipse.debug.internal.ui.DebugUIPlugin$8.run(DebugUIPlugin.java:1251)
	at org.eclipse.core.internal.jobs.Worker.run(Worker.java:54)
17:09:45 ERROR : Unexpected error while launching program.
java.lang.RuntimeException: Error while running ps7_init method.
Cannot write to target


    AP transaction timeout: ACK = 0x01, expected=0x02)
    Error Address = 0xe0001034


	at com.xilinx.sdk.targetmanager.internal.TM.run_ps7_init(TM.java:1230)
	at com.xilinx.sdk.debug.core.XilinxAppLaunchConfigurationDelegate.runTargetSetup(XilinxAppLaunchConfigurationDelegate.java:411)
	at com.xilinx.sdk.debug.core.XilinxAppLaunchConfigurationDelegate.runApplication(XilinxAppLaunchConfigurationDelegate.java:513)
	at com.xilinx.sdk.debug.core.XilinxAppLaunchConfigurationDelegate.launch(XilinxAppLaunchConfigurationDelegate.java:252)
	at com.xilinx.sdk.debug.ui.XilinxAppLaunchDelegateWrapper.launch(XilinxAppLaunchDelegateWrapper.java:31)
	at org.eclipse.debug.internal.core.LaunchConfiguration.launch(LaunchConfiguration.java:855)
	at org.eclipse.debug.internal.core.LaunchConfiguration.launch(LaunchConfiguration.java:704)
	at org.eclipse.debug.internal.ui.DebugUIPlugin.buildAndLaunch(DebugUIPlugin.java:1047)
	at org.eclipse.debug.internal.ui.DebugUIPlugin$8.run(DebugUIPlugin.java:1251)
	at org.eclipse.core.internal.jobs.Worker.run(Worker.java:54)
17:12:15 ERROR : Unexpected error while launching program.
java.lang.RuntimeException: Error while running ps7_init method.
Cannot write to target


    Access aborted (DSCR=0x03186083)
    Error Address = 0xe0001034


	at com.xilinx.sdk.targetmanager.internal.TM.run_ps7_init(TM.java:1230)
	at com.xilinx.sdk.debug.core.XilinxAppLaunchConfigurationDelegate.runTargetSetup(XilinxAppLaunchConfigurationDelegate.java:411)
	at com.xilinx.sdk.debug.core.XilinxAppLaunchConfigurationDelegate.runApplication(XilinxAppLaunchConfigurationDelegate.java:513)
	at com.xilinx.sdk.debug.core.XilinxAppLaunchConfigurationDelegate.launch(XilinxAppLaunchConfigurationDelegate.java:252)
	at com.xilinx.sdk.debug.ui.XilinxAppLaunchDelegateWrapper.launch(XilinxAppLaunchDelegateWrapper.java:31)
	at org.eclipse.debug.internal.core.LaunchConfiguration.launch(LaunchConfiguration.java:855)
	at org.eclipse.debug.internal.core.LaunchConfiguration.launch(LaunchConfiguration.java:704)
	at org.eclipse.debug.internal.ui.DebugUIPlugin.buildAndLaunch(DebugUIPlugin.java:1047)
	at org.eclipse.debug.internal.ui.DebugUIPlugin$8.run(DebugUIPlugin.java:1251)
	at org.eclipse.core.internal.jobs.Worker.run(Worker.java:54)
17:12:41 ERROR : Unexpected error while parsing XMD response 19: com.google.gson.JsonSyntaxException: com.google.gson.stream.MalformedJsonException: invalid number or unquoted string near 
17:14:45 INFO  : Processing command line option -hwspec D:/study/embled/project_boss2/project_2/project_2.sdk/design_1_wrapper.hdf.
17:14:46 INFO  : Checking for hwspec changes in the project design_1_wrapper_hw_platform_3.
17:14:46 INFO  : SDK has detected change in the last modified timestamps for source hardware specification file Source:1429002857441,  Project:1428982329672
17:14:46 INFO  : The hardware specification for project 'design_1_wrapper_hw_platform_3' is different from D:/study/embled/project_boss2/project_2/project_2.sdk/design_1_wrapper.hdf.
17:14:46 INFO  : Copied contents of D:/study/embled/project_boss2/project_2/project_2.sdk/design_1_wrapper.hdf into \design_1_wrapper_hw_platform_3\system.hdf.
17:14:47 INFO  : Synchronizing projects in the workspace with the hardware platform specification changes.
17:15:20 INFO  : 
17:15:21 INFO  : Updating hardware inferred compiler options for TestApp.
17:15:21 INFO  : Clearing existing target manager status.
17:16:13 INFO  : FPGA configured successfully with bitstream "D:/study/embled/project_boss2/project_2/project_2.sdk/design_1_wrapper_hw_platform_3/design_1_wrapper.bit"
17:16:24 ERROR : Unexpected error while launching program.
java.lang.RuntimeException: Error while running ps7_init method.
Cannot write to target


    Access aborted (DSCR=0x03186083)
    Error Address = 0xe0001034


	at com.xilinx.sdk.targetmanager.internal.TM.run_ps7_init(TM.java:1230)
	at com.xilinx.sdk.debug.core.XilinxAppLaunchConfigurationDelegate.runTargetSetup(XilinxAppLaunchConfigurationDelegate.java:411)
	at com.xilinx.sdk.debug.core.XilinxAppLaunchConfigurationDelegate.runApplication(XilinxAppLaunchConfigurationDelegate.java:513)
	at com.xilinx.sdk.debug.core.XilinxAppLaunchConfigurationDelegate.launch(XilinxAppLaunchConfigurationDelegate.java:252)
	at com.xilinx.sdk.debug.ui.XilinxAppLaunchDelegateWrapper.launch(XilinxAppLaunchDelegateWrapper.java:31)
	at org.eclipse.debug.internal.core.LaunchConfiguration.launch(LaunchConfiguration.java:855)
	at org.eclipse.debug.internal.core.LaunchConfiguration.launch(LaunchConfiguration.java:704)
	at org.eclipse.debug.internal.ui.DebugUIPlugin.buildAndLaunch(DebugUIPlugin.java:1047)
	at org.eclipse.debug.internal.ui.DebugUIPlugin$8.run(DebugUIPlugin.java:1251)
	at org.eclipse.core.internal.jobs.Worker.run(Worker.java:54)
17:16:45 INFO  : ps7_init is completed.
17:16:45 INFO  : ps7_post_config is completed.
17:16:45 INFO  : Processor reset is completed for ps7_cortexa9_0
17:18:15 ERROR : Unexpected error while launching program.
java.lang.RuntimeException: Error in Resetting Target

    Could not stop the processor after reset


	at com.xilinx.sdk.targetmanager.internal.TM.doProcessorReset(TM.java:1153)
	at com.xilinx.sdk.debug.core.XilinxAppLaunchConfigurationDelegate.runTargetSetup(XilinxAppLaunchConfigurationDelegate.java:431)
	at com.xilinx.sdk.debug.core.XilinxAppLaunchConfigurationDelegate.runApplication(XilinxAppLaunchConfigurationDelegate.java:513)
	at com.xilinx.sdk.debug.core.XilinxAppLaunchConfigurationDelegate.launch(XilinxAppLaunchConfigurationDelegate.java:252)
	at com.xilinx.sdk.debug.ui.XilinxAppLaunchDelegateWrapper.launch(XilinxAppLaunchDelegateWrapper.java:31)
	at org.eclipse.debug.internal.core.LaunchConfiguration.launch(LaunchConfiguration.java:855)
	at org.eclipse.debug.internal.core.LaunchConfiguration.launch(LaunchConfiguration.java:704)
	at org.eclipse.debug.internal.ui.DebugUIPlugin.buildAndLaunch(DebugUIPlugin.java:1047)
	at org.eclipse.debug.internal.ui.DebugUIPlugin$8.run(DebugUIPlugin.java:1251)
	at org.eclipse.core.internal.jobs.Worker.run(Worker.java:54)
17:18:25 ERROR : Unexpected error while parsing XMD response 19: com.google.gson.JsonSyntaxException: com.google.gson.stream.MalformedJsonException: invalid number or unquoted string near 
17:18:42 INFO  : Processing command line option -hwspec D:/study/embled/project_boss2/project_2/project_2.sdk/design_1_wrapper.hdf.
17:18:42 INFO  : Checking for hwspec changes in the project design_1_wrapper_hw_platform_3.
17:19:08 INFO  : ps7_init is completed.
17:19:08 INFO  : ps7_post_config is completed.
17:19:09 INFO  : Processor reset is completed for ps7_cortexa9_0
17:20:56 INFO  : ps7_cortexa9_0 Processor is in use. Please stop existing Run or Debug sessions before launching.
17:21:01 ERROR : Unexpected error while launching program.
java.lang.RuntimeException: Error in Resetting Target

    Could not stop the processor after reset


	at com.xilinx.sdk.targetmanager.internal.TM.doProcessorReset(TM.java:1153)
	at com.xilinx.sdk.debug.core.XilinxAppLaunchConfigurationDelegate.runTargetSetup(XilinxAppLaunchConfigurationDelegate.java:431)
	at com.xilinx.sdk.debug.core.XilinxAppLaunchConfigurationDelegate.runApplication(XilinxAppLaunchConfigurationDelegate.java:513)
	at com.xilinx.sdk.debug.core.XilinxAppLaunchConfigurationDelegate.launch(XilinxAppLaunchConfigurationDelegate.java:252)
	at com.xilinx.sdk.debug.ui.XilinxAppLaunchDelegateWrapper.launch(XilinxAppLaunchDelegateWrapper.java:31)
	at org.eclipse.debug.internal.core.LaunchConfiguration.launch(LaunchConfiguration.java:855)
	at org.eclipse.debug.internal.core.LaunchConfiguration.launch(LaunchConfiguration.java:704)
	at org.eclipse.debug.internal.ui.DebugUIPlugin.buildAndLaunch(DebugUIPlugin.java:1047)
	at org.eclipse.debug.internal.ui.DebugUIPlugin$8.run(DebugUIPlugin.java:1251)
	at org.eclipse.core.internal.jobs.Worker.run(Worker.java:54)
17:22:22 ERROR : Unexpected error while parsing XMD response 19: com.google.gson.JsonSyntaxException: com.google.gson.stream.MalformedJsonException: invalid number or unquoted string near 
17:22:39 INFO  : Processing command line option -hwspec D:/study/embled/project_boss2/project_2/project_2.sdk/design_1_wrapper.hdf.
17:22:40 INFO  : Checking for hwspec changes in the project design_1_wrapper_hw_platform_3.
17:23:05 INFO  : FPGA configured successfully with bitstream "D:/study/embled/project_boss2/project_2/project_2.sdk/design_1_wrapper_hw_platform_3/design_1_wrapper.bit"
17:23:17 ERROR : Unexpected error while launching program.
java.lang.RuntimeException: Error while running ps7_init method.
Cannot write to target


    AP transaction timeout: ACK = 0x01, expected=0x02)
    Error Address = 0xe000d000


	at com.xilinx.sdk.targetmanager.internal.TM.run_ps7_init(TM.java:1230)
	at com.xilinx.sdk.debug.core.XilinxAppLaunchConfigurationDelegate.runTargetSetup(XilinxAppLaunchConfigurationDelegate.java:411)
	at com.xilinx.sdk.debug.core.XilinxAppLaunchConfigurationDelegate.runApplication(XilinxAppLaunchConfigurationDelegate.java:513)
	at com.xilinx.sdk.debug.core.XilinxAppLaunchConfigurationDelegate.launch(XilinxAppLaunchConfigurationDelegate.java:252)
	at com.xilinx.sdk.debug.ui.XilinxAppLaunchDelegateWrapper.launch(XilinxAppLaunchDelegateWrapper.java:31)
	at org.eclipse.debug.internal.core.LaunchConfiguration.launch(LaunchConfiguration.java:855)
	at org.eclipse.debug.internal.core.LaunchConfiguration.launch(LaunchConfiguration.java:704)
	at org.eclipse.debug.internal.ui.DebugUIPlugin.buildAndLaunch(DebugUIPlugin.java:1047)
	at org.eclipse.debug.internal.ui.DebugUIPlugin$8.run(DebugUIPlugin.java:1251)
	at org.eclipse.core.internal.jobs.Worker.run(Worker.java:54)
17:23:32 ERROR : Unexpected error while launching program.
java.lang.RuntimeException: Error while running ps7_init method.
Cannot write to target


    AP transaction timeout: ACK = 0x01, expected=0x02)
    Error Address = 0xe000d000


	at com.xilinx.sdk.targetmanager.internal.TM.run_ps7_init(TM.java:1230)
	at com.xilinx.sdk.debug.core.XilinxAppLaunchConfigurationDelegate.runTargetSetup(XilinxAppLaunchConfigurationDelegate.java:411)
	at com.xilinx.sdk.debug.core.XilinxAppLaunchConfigurationDelegate.runApplication(XilinxAppLaunchConfigurationDelegate.java:513)
	at com.xilinx.sdk.debug.core.XilinxAppLaunchConfigurationDelegate.launch(XilinxAppLaunchConfigurationDelegate.java:252)
	at com.xilinx.sdk.debug.ui.XilinxAppLaunchDelegateWrapper.launch(XilinxAppLaunchDelegateWrapper.java:31)
	at org.eclipse.debug.internal.core.LaunchConfiguration.launch(LaunchConfiguration.java:855)
	at org.eclipse.debug.internal.core.LaunchConfiguration.launch(LaunchConfiguration.java:704)
	at org.eclipse.debug.internal.ui.DebugUIPlugin.buildAndLaunch(DebugUIPlugin.java:1047)
	at org.eclipse.debug.internal.ui.DebugUIPlugin$8.run(DebugUIPlugin.java:1251)
	at org.eclipse.core.internal.jobs.Worker.run(Worker.java:54)
17:24:59 INFO  : FPGA configured successfully with bitstream "D:/study/embled/project_boss2/project_2/project_2.sdk/design_1_wrapper_hw_platform_3/design_1_wrapper.bit"
17:25:41 ERROR : Unexpected error while launching program.
java.lang.RuntimeException: Error while running ps7_init method.
Cannot write to target


    AP transaction error (DP CTRL_STAT=0xf0000021)
    Error Address = 0xf8000008


	at com.xilinx.sdk.targetmanager.internal.TM.run_ps7_init(TM.java:1230)
	at com.xilinx.sdk.debug.core.XilinxAppLaunchConfigurationDelegate.runTargetSetup(XilinxAppLaunchConfigurationDelegate.java:411)
	at com.xilinx.sdk.debug.core.XilinxAppLaunchConfigurationDelegate.runApplication(XilinxAppLaunchConfigurationDelegate.java:513)
	at com.xilinx.sdk.debug.core.XilinxAppLaunchConfigurationDelegate.launch(XilinxAppLaunchConfigurationDelegate.java:252)
	at com.xilinx.sdk.debug.ui.XilinxAppLaunchDelegateWrapper.launch(XilinxAppLaunchDelegateWrapper.java:31)
	at org.eclipse.debug.internal.core.LaunchConfiguration.launch(LaunchConfiguration.java:855)
	at org.eclipse.debug.internal.core.LaunchConfiguration.launch(LaunchConfiguration.java:704)
	at org.eclipse.debug.internal.ui.DebugUIPlugin.buildAndLaunch(DebugUIPlugin.java:1047)
	at org.eclipse.debug.internal.ui.DebugUIPlugin$8.run(DebugUIPlugin.java:1251)
	at org.eclipse.core.internal.jobs.Worker.run(Worker.java:54)
17:26:47 INFO  : FPGA configured successfully with bitstream "D:/study/embled/project_boss2/project_2/project_2.sdk/design_1_wrapper_hw_platform_3/design_1_wrapper.bit"
17:27:18 ERROR : Unexpected error while launching program.
java.lang.RuntimeException: Error while running ps7_init method.
Cannot write to target


    AP transaction timeout: ACK = 0x01, expected=0x02)
    Error Address = 0xe0001034


	at com.xilinx.sdk.targetmanager.internal.TM.run_ps7_init(TM.java:1230)
	at com.xilinx.sdk.debug.core.XilinxAppLaunchConfigurationDelegate.runTargetSetup(XilinxAppLaunchConfigurationDelegate.java:411)
	at com.xilinx.sdk.debug.core.XilinxAppLaunchConfigurationDelegate.runApplication(XilinxAppLaunchConfigurationDelegate.java:513)
	at com.xilinx.sdk.debug.core.XilinxAppLaunchConfigurationDelegate.launch(XilinxAppLaunchConfigurationDelegate.java:252)
	at com.xilinx.sdk.debug.ui.XilinxAppLaunchDelegateWrapper.launch(XilinxAppLaunchDelegateWrapper.java:31)
	at org.eclipse.debug.internal.core.LaunchConfiguration.launch(LaunchConfiguration.java:855)
	at org.eclipse.debug.internal.core.LaunchConfiguration.launch(LaunchConfiguration.java:704)
	at org.eclipse.debug.internal.ui.DebugUIPlugin.buildAndLaunch(DebugUIPlugin.java:1047)
	at org.eclipse.debug.internal.ui.DebugUIPlugin$8.run(DebugUIPlugin.java:1251)
	at org.eclipse.core.internal.jobs.Worker.run(Worker.java:54)
17:28:04 ERROR : Unexpected error while parsing XMD response 19: com.google.gson.JsonSyntaxException: com.google.gson.stream.MalformedJsonException: invalid number or unquoted string near 
17:28:29 INFO  : Processing command line option -hwspec D:/study/embled/project_boss2/project_2/project_2.sdk/design_1_wrapper.hdf.
17:28:30 INFO  : Checking for hwspec changes in the project design_1_wrapper_hw_platform_3.
17:28:30 INFO  : SDK has detected change in the last modified timestamps for source hardware specification file Source:1429003694583,  Project:1429002857441
17:28:30 INFO  : The hardware specification for project 'design_1_wrapper_hw_platform_3' is different from D:/study/embled/project_boss2/project_2/project_2.sdk/design_1_wrapper.hdf.
17:28:30 INFO  : Copied contents of D:/study/embled/project_boss2/project_2/project_2.sdk/design_1_wrapper.hdf into \design_1_wrapper_hw_platform_3\system.hdf.
17:28:31 INFO  : Synchronizing projects in the workspace with the hardware platform specification changes.
17:29:01 INFO  : 
17:29:02 INFO  : Updating hardware inferred compiler options for TestApp.
17:29:02 INFO  : Clearing existing target manager status.
17:29:28 ERROR : FPGA Configuration failed.Failed to download the bit file

    Failed to verify DONE bit after configuring FPGA


17:29:49 INFO  : FPGA configured successfully with bitstream "D:/study/embled/project_boss2/project_2/project_2.sdk/design_1_wrapper_hw_platform_3/design_1_wrapper.bit"
17:29:59 ERROR : Unexpected error while launching program.
java.lang.RuntimeException: Error while running ps7_init method.
Cannot Read from target


    MMU section translation fault

	at com.xilinx.sdk.targetmanager.internal.TM.run_ps7_init(TM.java:1230)
	at com.xilinx.sdk.debug.core.XilinxAppLaunchConfigurationDelegate.runTargetSetup(XilinxAppLaunchConfigurationDelegate.java:411)
	at com.xilinx.sdk.debug.core.XilinxAppLaunchConfigurationDelegate.runApplication(XilinxAppLaunchConfigurationDelegate.java:513)
	at com.xilinx.sdk.debug.core.XilinxAppLaunchConfigurationDelegate.launch(XilinxAppLaunchConfigurationDelegate.java:252)
	at com.xilinx.sdk.debug.ui.XilinxAppLaunchDelegateWrapper.launch(XilinxAppLaunchDelegateWrapper.java:31)
	at org.eclipse.debug.internal.core.LaunchConfiguration.launch(LaunchConfiguration.java:855)
	at org.eclipse.debug.internal.core.LaunchConfiguration.launch(LaunchConfiguration.java:704)
	at org.eclipse.debug.internal.ui.DebugUIPlugin.buildAndLaunch(DebugUIPlugin.java:1047)
	at org.eclipse.debug.internal.ui.DebugUIPlugin$8.run(DebugUIPlugin.java:1251)
	at org.eclipse.core.internal.jobs.Worker.run(Worker.java:54)
17:30:03 ERROR : Unexpected error while parsing XMD response 19: com.google.gson.JsonSyntaxException: com.google.gson.stream.MalformedJsonException: invalid number or unquoted string near 
10:10:13 INFO  : Processing command line option -hwspec D:/study/embled/project_boss2/project_2/project_2.sdk/design_1_wrapper.hdf.
10:10:15 INFO  : Checking for hwspec changes in the project design_1_wrapper_hw_platform_3.
10:11:31 INFO  : FPGA configured successfully with bitstream "D:/study/embled/project_boss2/project_2/project_2.sdk/design_1_wrapper_hw_platform_3/design_1_wrapper.bit"
10:12:15 ERROR : Unexpected error while launching program.
java.lang.RuntimeException: Error while running ps7_init method.
Cannot write to target


    AP transaction timeout: ACK = 0x01, expected=0x02)
    Error Address = 0xe0001034


	at com.xilinx.sdk.targetmanager.internal.TM.run_ps7_init(TM.java:1230)
	at com.xilinx.sdk.debug.core.XilinxAppLaunchConfigurationDelegate.runTargetSetup(XilinxAppLaunchConfigurationDelegate.java:411)
	at com.xilinx.sdk.debug.core.XilinxAppLaunchConfigurationDelegate.runApplication(XilinxAppLaunchConfigurationDelegate.java:513)
	at com.xilinx.sdk.debug.core.XilinxAppLaunchConfigurationDelegate.launch(XilinxAppLaunchConfigurationDelegate.java:252)
	at com.xilinx.sdk.debug.ui.XilinxAppLaunchDelegateWrapper.launch(XilinxAppLaunchDelegateWrapper.java:31)
	at org.eclipse.debug.internal.core.LaunchConfiguration.launch(LaunchConfiguration.java:855)
	at org.eclipse.debug.internal.core.LaunchConfiguration.launch(LaunchConfiguration.java:704)
	at org.eclipse.debug.internal.ui.DebugUIPlugin.buildAndLaunch(DebugUIPlugin.java:1047)
	at org.eclipse.debug.internal.ui.DebugUIPlugin$8.run(DebugUIPlugin.java:1251)
	at org.eclipse.core.internal.jobs.Worker.run(Worker.java:54)
10:13:52 INFO  : FPGA configured successfully with bitstream "D:/study/embled/project_boss2/project_2/project_2.sdk/design_1_wrapper_hw_platform_3/design_1_wrapper.bit"
10:14:22 INFO  : ps7_init is completed.
10:14:22 INFO  : ps7_post_config is completed.
10:14:22 INFO  : Processor reset is completed for ps7_cortexa9_0
10:14:26 ERROR : Unexpected error while launching program.
java.lang.RuntimeException: Failed to download ELF file


    AP transaction error (DP CTRL_STAT=0xf0000021)
    Error Address = 0x00100000, Size = 0x00000004


	at com.xilinx.sdk.targetmanager.internal.TM.downloadELF(TM.java:752)
	at com.xilinx.sdk.debug.core.internal.AppRunner.run(AppRunner.java:129)
	at com.xilinx.sdk.debug.core.XilinxAppLaunchConfigurationDelegate.runApplication(XilinxAppLaunchConfigurationDelegate.java:534)
	at com.xilinx.sdk.debug.core.XilinxAppLaunchConfigurationDelegate.launch(XilinxAppLaunchConfigurationDelegate.java:252)
	at com.xilinx.sdk.debug.ui.XilinxAppLaunchDelegateWrapper.launch(XilinxAppLaunchDelegateWrapper.java:31)
	at org.eclipse.debug.internal.core.LaunchConfiguration.launch(LaunchConfiguration.java:855)
	at org.eclipse.debug.internal.core.LaunchConfiguration.launch(LaunchConfiguration.java:704)
	at org.eclipse.debug.internal.ui.DebugUIPlugin.buildAndLaunch(DebugUIPlugin.java:1047)
	at org.eclipse.debug.internal.ui.DebugUIPlugin$8.run(DebugUIPlugin.java:1251)
	at org.eclipse.core.internal.jobs.Worker.run(Worker.java:54)
10:18:38 ERROR : Unexpected error while parsing XMD response 19: com.google.gson.JsonSyntaxException: com.google.gson.stream.MalformedJsonException: invalid number or unquoted string near 
10:19:14 INFO  : Processing command line option -hwspec D:/study/embled/project_boss2/project_2/project_2.sdk/design_1_wrapper.hdf.
10:19:15 INFO  : Checking for hwspec changes in the project design_1_wrapper_hw_platform_3.
10:19:40 INFO  : FPGA configured successfully with bitstream "D:/study/embled/project_boss2/project_2/project_2.sdk/design_1_wrapper_hw_platform_3/design_1_wrapper.bit"
10:19:53 INFO  : ps7_init is completed.
10:19:53 INFO  : ps7_post_config is completed.
10:19:53 INFO  : Processor reset is completed for ps7_cortexa9_0
10:19:57 ERROR : Unexpected error while launching program.
java.lang.RuntimeException: Failed to download ELF file


    AP transaction error (DP CTRL_STAT=0xf0000021)
    Error Address = 0x00100000, Size = 0x00000004


	at com.xilinx.sdk.targetmanager.internal.TM.downloadELF(TM.java:752)
	at com.xilinx.sdk.debug.core.internal.AppRunner.run(AppRunner.java:129)
	at com.xilinx.sdk.debug.core.XilinxAppLaunchConfigurationDelegate.runApplication(XilinxAppLaunchConfigurationDelegate.java:534)
	at com.xilinx.sdk.debug.core.XilinxAppLaunchConfigurationDelegate.launch(XilinxAppLaunchConfigurationDelegate.java:252)
	at com.xilinx.sdk.debug.ui.XilinxAppLaunchDelegateWrapper.launch(XilinxAppLaunchDelegateWrapper.java:31)
	at org.eclipse.debug.internal.core.LaunchConfiguration.launch(LaunchConfiguration.java:855)
	at org.eclipse.debug.internal.core.LaunchConfiguration.launch(LaunchConfiguration.java:704)
	at org.eclipse.debug.internal.ui.DebugUIPlugin.buildAndLaunch(DebugUIPlugin.java:1047)
	at org.eclipse.debug.internal.ui.DebugUIPlugin$8.run(DebugUIPlugin.java:1251)
	at org.eclipse.core.internal.jobs.Worker.run(Worker.java:54)
10:31:23 ERROR : Unexpected error while parsing XMD response 19: com.google.gson.JsonSyntaxException: com.google.gson.stream.MalformedJsonException: invalid number or unquoted string near 
10:46:14 INFO  : Processing command line option -hwspec D:/study/embled/project_boss2/project_2/project_2.sdk/design_1_wrapper.hdf.
10:46:15 INFO  : Checking for hwspec changes in the project design_1_wrapper_hw_platform_3.
10:48:45 INFO  : FPGA Cable Disconnected. All active launches will be terminated.
10:48:59 ERROR : FPGA Configuration failed.Failed to download the bit file

    Failed to verify DONE bit after configuring FPGA


10:49:35 INFO  : FPGA configured successfully with bitstream "D:/study/embled/project_boss2/project_2/project_2.sdk/design_1_wrapper_hw_platform_3/design_1_wrapper.bit"
10:49:54 INFO  : ps7_init is completed.
10:49:54 INFO  : ps7_post_config is completed.
10:49:54 INFO  : Processor reset is completed for ps7_cortexa9_0
10:49:57 ERROR : Unexpected error while launching program.
java.lang.RuntimeException: Failed to download ELF file


    AP transaction error (DP CTRL_STAT=0xf0000021)
    Error Address = 0x00100000, Size = 0x00000004


	at com.xilinx.sdk.targetmanager.internal.TM.downloadELF(TM.java:752)
	at com.xilinx.sdk.debug.core.internal.AppRunner.run(AppRunner.java:129)
	at com.xilinx.sdk.debug.core.XilinxAppLaunchConfigurationDelegate.runApplication(XilinxAppLaunchConfigurationDelegate.java:534)
	at com.xilinx.sdk.debug.core.XilinxAppLaunchConfigurationDelegate.launch(XilinxAppLaunchConfigurationDelegate.java:252)
	at com.xilinx.sdk.debug.ui.XilinxAppLaunchDelegateWrapper.launch(XilinxAppLaunchDelegateWrapper.java:31)
	at org.eclipse.debug.internal.core.LaunchConfiguration.launch(LaunchConfiguration.java:855)
	at org.eclipse.debug.internal.core.LaunchConfiguration.launch(LaunchConfiguration.java:704)
	at org.eclipse.debug.internal.ui.DebugUIPlugin.buildAndLaunch(DebugUIPlugin.java:1047)
	at org.eclipse.debug.internal.ui.DebugUIPlugin$8.run(DebugUIPlugin.java:1251)
	at org.eclipse.core.internal.jobs.Worker.run(Worker.java:54)
10:59:48 ERROR : Unexpected error while parsing XMD response 19: com.google.gson.JsonSyntaxException: com.google.gson.stream.MalformedJsonException: invalid number or unquoted string near 
11:00:05 INFO  : Processing command line option -hwspec D:/study/embled/project_boss2/project_2/project_2.sdk/design_1_wrapper.hdf.
11:00:05 INFO  : Checking for hwspec changes in the project design_1_wrapper_hw_platform_3.
11:00:38 INFO  : FPGA configured successfully with bitstream "D:/study/embled/project_boss2/project_2/project_2.sdk/design_1_wrapper_hw_platform_3/design_1_wrapper.bit"
11:00:49 INFO  : ps7_init is completed.
11:00:49 INFO  : ps7_post_config is completed.
11:00:49 INFO  : Processor reset is completed for ps7_cortexa9_0
11:00:52 ERROR : Unexpected error while launching program.
java.lang.RuntimeException: Failed to download ELF file


    AP transaction error (DP CTRL_STAT=0xf0000021)
    Error Address = 0x00100000, Size = 0x00000004


	at com.xilinx.sdk.targetmanager.internal.TM.downloadELF(TM.java:752)
	at com.xilinx.sdk.debug.core.internal.AppRunner.run(AppRunner.java:129)
	at com.xilinx.sdk.debug.core.XilinxAppLaunchConfigurationDelegate.runApplication(XilinxAppLaunchConfigurationDelegate.java:534)
	at com.xilinx.sdk.debug.core.XilinxAppLaunchConfigurationDelegate.launch(XilinxAppLaunchConfigurationDelegate.java:252)
	at com.xilinx.sdk.debug.ui.XilinxAppLaunchDelegateWrapper.launch(XilinxAppLaunchDelegateWrapper.java:31)
	at org.eclipse.debug.internal.core.LaunchConfiguration.launch(LaunchConfiguration.java:855)
	at org.eclipse.debug.internal.core.LaunchConfiguration.launch(LaunchConfiguration.java:704)
	at org.eclipse.debug.internal.ui.DebugUIPlugin.buildAndLaunch(DebugUIPlugin.java:1047)
	at org.eclipse.debug.internal.ui.DebugUIPlugin$8.run(DebugUIPlugin.java:1251)
	at org.eclipse.core.internal.jobs.Worker.run(Worker.java:54)
11:15:28 INFO  : FPGA Cable Disconnected. All active launches will be terminated.
11:15:44 INFO  : FPGA configured successfully with bitstream "D:/study/embled/project_boss2/project_2/project_2.sdk/design_1_wrapper_hw_platform_3/design_1_wrapper.bit"
11:16:39 ERROR : Unexpected error while parsing XMD response 19: com.google.gson.JsonSyntaxException: com.google.gson.stream.MalformedJsonException: invalid number or unquoted string near 
11:16:59 INFO  : Processing command line option -hwspec D:/study/embled/project_boss2/project_2/project_2.sdk/design_1_wrapper.hdf.
11:17:00 INFO  : Checking for hwspec changes in the project design_1_wrapper_hw_platform_3.
11:17:21 INFO  : ps7_init is completed.
11:17:21 INFO  : ps7_post_config is completed.
11:17:21 INFO  : Processor reset is completed for ps7_cortexa9_0
11:17:24 ERROR : Unexpected error while launching program.
java.lang.RuntimeException: Failed to download ELF file


    AP transaction error (DP CTRL_STAT=0xf0000021)
    Error Address = 0x00100000, Size = 0x00000004


	at com.xilinx.sdk.targetmanager.internal.TM.downloadELF(TM.java:752)
	at com.xilinx.sdk.debug.core.internal.AppRunner.run(AppRunner.java:129)
	at com.xilinx.sdk.debug.core.XilinxAppLaunchConfigurationDelegate.runApplication(XilinxAppLaunchConfigurationDelegate.java:534)
	at com.xilinx.sdk.debug.core.XilinxAppLaunchConfigurationDelegate.launch(XilinxAppLaunchConfigurationDelegate.java:252)
	at com.xilinx.sdk.debug.ui.XilinxAppLaunchDelegateWrapper.launch(XilinxAppLaunchDelegateWrapper.java:31)
	at org.eclipse.debug.internal.core.LaunchConfiguration.launch(LaunchConfiguration.java:855)
	at org.eclipse.debug.internal.core.LaunchConfiguration.launch(LaunchConfiguration.java:704)
	at org.eclipse.debug.internal.ui.DebugUIPlugin.buildAndLaunch(DebugUIPlugin.java:1047)
	at org.eclipse.debug.internal.ui.DebugUIPlugin$8.run(DebugUIPlugin.java:1251)
	at org.eclipse.core.internal.jobs.Worker.run(Worker.java:54)
11:19:50 ERROR : Unexpected error while parsing XMD response 19: com.google.gson.JsonSyntaxException: com.google.gson.stream.MalformedJsonException: invalid number or unquoted string near 
11:20:05 INFO  : Processing command line option -hwspec D:/study/embled/project_boss2/project_2/project_2.sdk/design_1_wrapper.hdf.
11:20:06 INFO  : Checking for hwspec changes in the project design_1_wrapper_hw_platform_3.
11:20:45 ERROR : Unexpected error while launching program.
java.lang.RuntimeException: Error in Resetting Target

    Could not stop the processor after reset


	at com.xilinx.sdk.targetmanager.internal.TM.doProcessorReset(TM.java:1153)
	at com.xilinx.sdk.debug.core.XilinxAppLaunchConfigurationDelegate.runTargetSetup(XilinxAppLaunchConfigurationDelegate.java:431)
	at com.xilinx.sdk.debug.core.XilinxAppLaunchConfigurationDelegate.runApplication(XilinxAppLaunchConfigurationDelegate.java:513)
	at com.xilinx.sdk.debug.core.XilinxAppLaunchConfigurationDelegate.launch(XilinxAppLaunchConfigurationDelegate.java:252)
	at com.xilinx.sdk.debug.ui.XilinxAppLaunchDelegateWrapper.launch(XilinxAppLaunchDelegateWrapper.java:31)
	at org.eclipse.debug.internal.core.LaunchConfiguration.launch(LaunchConfiguration.java:855)
	at org.eclipse.debug.internal.core.LaunchConfiguration.launch(LaunchConfiguration.java:704)
	at org.eclipse.debug.internal.ui.DebugUIPlugin.buildAndLaunch(DebugUIPlugin.java:1047)
	at org.eclipse.debug.internal.ui.DebugUIPlugin$8.run(DebugUIPlugin.java:1251)
	at org.eclipse.core.internal.jobs.Worker.run(Worker.java:54)
11:21:19 INFO  : FPGA configured successfully with bitstream "D:/study/embled/project_boss2/project_2/project_2.sdk/design_1_wrapper_hw_platform_3/design_1_wrapper.bit"
11:21:35 INFO  : ps7_init is completed.
11:21:35 INFO  : ps7_post_config is completed.
11:21:36 INFO  : Processor reset is completed for ps7_cortexa9_0
11:21:39 ERROR : Unexpected error while launching program.
java.lang.RuntimeException: Failed to download ELF file


    AP transaction error (DP CTRL_STAT=0xf0000021)
    Error Address = 0x00100000, Size = 0x00000004


	at com.xilinx.sdk.targetmanager.internal.TM.downloadELF(TM.java:752)
	at com.xilinx.sdk.debug.core.internal.AppRunner.run(AppRunner.java:129)
	at com.xilinx.sdk.debug.core.XilinxAppLaunchConfigurationDelegate.runApplication(XilinxAppLaunchConfigurationDelegate.java:534)
	at com.xilinx.sdk.debug.core.XilinxAppLaunchConfigurationDelegate.launch(XilinxAppLaunchConfigurationDelegate.java:252)
	at com.xilinx.sdk.debug.ui.XilinxAppLaunchDelegateWrapper.launch(XilinxAppLaunchDelegateWrapper.java:31)
	at org.eclipse.debug.internal.core.LaunchConfiguration.launch(LaunchConfiguration.java:855)
	at org.eclipse.debug.internal.core.LaunchConfiguration.launch(LaunchConfiguration.java:704)
	at org.eclipse.debug.internal.ui.DebugUIPlugin.buildAndLaunch(DebugUIPlugin.java:1047)
	at org.eclipse.debug.internal.ui.DebugUIPlugin$8.run(DebugUIPlugin.java:1251)
	at org.eclipse.core.internal.jobs.Worker.run(Worker.java:54)
11:23:31 ERROR : Unexpected error while parsing XMD response 19: com.google.gson.JsonSyntaxException: com.google.gson.stream.MalformedJsonException: invalid number or unquoted string near 
