#-----------------------------------------------------------
# Vivado v2014.2 (64-bit)
# SW Build 932637 on Wed Jun 11 13:33:10 MDT 2014
# IP Build 924643 on Fri May 30 09:20:16 MDT 2014
# Start of session at: Fri Jun 26 23:28:34 2015
# Process ID: 2572
# Log file: D:/study/embled/lab3/lab3.sdk/webtalk/vivado.log
# Journal file: D:/study/embled/lab3/lab3.sdk/webtalk\vivado.jou
#-----------------------------------------------------------
source sdk.tcl
# webtalk_init -webtalk_dir D:\\study\\embled\\lab3\\lab3.sdk\\webtalk
# webtalk_register_client -client project
# webtalk_add_data -client project -key date_generated -value "ÐÇÆÚÎå ÁùÔÂ 26 23:28:25 2015" -context "software_version_and_target_device"
# webtalk_add_data -client project -key product_version -value "SDK v2014.2" -context "software_version_and_target_device"
# webtalk_add_data -client project -key build_version -value "2014.2" -context "software_version_and_target_device"
# webtalk_add_data -client project -key os_platform -value "amd64" -context "software_version_and_target_device"
# webtalk_add_data -client project -key registration_id -value "207600880_1777491182_0_870" -context "software_version_and_target_device"
# webtalk_add_data -client project -key tool_flow -value "SDK" -context "software_version_and_target_device"
# webtalk_add_data -client project -key beta -value "false" -context "software_version_and_target_device"
# webtalk_add_data -client project -key route_design -value "NA" -context "software_version_and_target_device"
# webtalk_add_data -client project -key target_family -value "NA" -context "software_version_and_target_device"
# webtalk_add_data -client project -key target_device -value "NA" -context "software_version_and_target_device"
# webtalk_add_data -client project -key target_package -value "NA" -context "software_version_and_target_device"
# webtalk_add_data -client project -key target_speed -value "NA" -context "software_version_and_target_device"
# webtalk_add_data -client project -key random_id -value "p2q9hu8vdrsg06e6b2hqb85mig" -context "software_version_and_target_device"
# webtalk_add_data -client project -key project_id -value "2014.2_19" -context "software_version_and_target_device"
# webtalk_add_data -client project -key project_iteration -value "19" -context "software_version_and_target_device"
# webtalk_add_data -client project -key os_name -value "Microsoft Windows 7 , 64-bit" -context "user_environment"
# webtalk_add_data -client project -key os_release -value "Service Pack 1  (build 7601)" -context "user_environment"
# webtalk_add_data -client project -key cpu_name -value "Intel(R) Core(TM) i3-3120M CPU @ 2.50GHz" -context "user_environment"
# webtalk_add_data -client project -key cpu_speed -value "2494 MHz" -context "user_environment"
# webtalk_add_data -client project -key total_processors -value "1" -context "user_environment"
# webtalk_add_data -client project -key system_ram -value "4.000 GB" -context "user_environment"
# webtalk_register_client -client sdk
# webtalk_add_data -client sdk -key uid -value "1435331402882" -context "sdk\\\\bsp/1435331402882"
# webtalk_add_data -client sdk -key hwid -value "1435238118612" -context "sdk\\\\bsp/1435331402882"
# webtalk_add_data -client sdk -key os -value "standalone" -context "sdk\\\\bsp/1435331402882"
# webtalk_add_data -client sdk -key apptemplate -value "null" -context "sdk\\\\bsp/1435331402882"
# webtalk_add_data -client sdk -key uid -value "1435331488436" -context "sdk\\\\bsp/1435331488436"
# webtalk_add_data -client sdk -key hwid -value "1435238118612" -context "sdk\\\\bsp/1435331488436"
# webtalk_add_data -client sdk -key os -value "standalone" -context "sdk\\\\bsp/1435331488436"
# webtalk_add_data -client sdk -key apptemplate -value "empty_application" -context "sdk\\\\bsp/1435331488436"
# webtalk_add_data -client sdk -key uid -value "1435331491134" -context "sdk\\\\application/1435331491134"
# webtalk_add_data -client sdk -key hwid -value "1435238118612" -context "sdk\\\\application/1435331491134"
# webtalk_add_data -client sdk -key bspid -value "1435331488436" -context "sdk\\\\application/1435331491134"
# webtalk_add_data -client sdk -key newbsp -value "true" -context "sdk\\\\application/1435331491134"
# webtalk_add_data -client sdk -key os -value "standalone" -context "sdk\\\\application/1435331491134"
# webtalk_add_data -client sdk -key apptemplate -value "empty_application" -context "sdk\\\\application/1435331491134"
# webtalk_add_data -client sdk -key uid -value "1435331667600" -context "sdk\\\\application/1435331667600"
# webtalk_add_data -client sdk -key hwid -value "1435238118612" -context "sdk\\\\application/1435331667600"
# webtalk_add_data -client sdk -key bspid -value "1435331402882" -context "sdk\\\\application/1435331667600"
# webtalk_add_data -client sdk -key newbsp -value "false" -context "sdk\\\\application/1435331667600"
# webtalk_add_data -client sdk -key os -value "standalone" -context "sdk\\\\application/1435331667600"
# webtalk_add_data -client sdk -key apptemplate -value "empty_application" -context "sdk\\\\application/1435331667600"
# webtalk_transmit -clientid 2867642290 -regid "207600880_1777491182_0_870" -xml D:\\study\\embled\\lab3\\lab3.sdk\\webtalk\\usage_statistics_ext_sdk.xml -html D:\\study\\embled\\lab3\\lab3.sdk\\webtalk\\usage_statistics_ext_sdk.html -wdm D:\\study\\embled\\lab3\\lab3.sdk\\webtalk\\sdk.wdm -intro "<H3>SDK Usage Report</H3><BR>"
INFO: [Common 17-185] WebTalk report has not been sent to Xilinx. Please check your network and proxy settings.
webtalk_transmit: Time (s): cpu = 00:00:00 ; elapsed = 00:00:10 . Memory (MB): peak = 174.355 ; gain = 0.000

    while executing
"webtalk_transmit -clientid 2867642290 -regid "207600880_1777491182_0_870" -xml D:\\study\\embled\\lab3\\lab3.sdk\\webtalk\\usage_statistics_ext_sdk.xm..."
    (file "sdk.tcl" line 45)
INFO: [Common 17-206] Exiting Vivado at Fri Jun 26 23:28:49 2015...
